[32m2024-12-10 15:54:04 +0100[0m - dagster - [34mDEBUG[0m - __ASSET_JOB - d7968ec3-0f6a-49c0-bae4-003d6f8af2ec - 390196 - LOGS_CAPTURED - Started capturing logs in process (pid: 390196).
[32m2024-12-10 15:54:04 +0100[0m - dagster - [34mDEBUG[0m - __ASSET_JOB - d7968ec3-0f6a-49c0-bae4-003d6f8af2ec - 390196 - bike_rental_features - STEP_START - Started execution of step "bike_rental_features".
[32m2024-12-10 15:54:04 +0100[0m - dagster - [34mDEBUG[0m - __ASSET_JOB - d7968ec3-0f6a-49c0-bae4-003d6f8af2ec - bike_rental_features - Loading file from: /home/kai/Git/twai_mlops_assignment2-main/src/tmp9wf98lfe/storage/daily_bike_rental_demand using PickledObjectFilesystemIOManager...
[32m2024-12-10 15:54:04 +0100[0m - dagster - [34mDEBUG[0m - __ASSET_JOB - d7968ec3-0f6a-49c0-bae4-003d6f8af2ec - 390196 - bike_rental_features - LOADED_INPUT - Loaded input "daily_bike_rental_demand" using input manager "io_manager", from output "result" of step "daily_bike_rental_demand"
[32m2024-12-10 15:54:04 +0100[0m - dagster - [34mDEBUG[0m - __ASSET_JOB - d7968ec3-0f6a-49c0-bae4-003d6f8af2ec - 390196 - bike_rental_features - STEP_INPUT - Got input "daily_bike_rental_demand" of type "DataFrame". (Type check passed).
[32m2024-12-10 15:54:04 +0100[0m - dagster - [34mERROR[0m - [31m__ASSET_JOB - d7968ec3-0f6a-49c0-bae4-003d6f8af2ec - 390196 - bike_rental_features - STEP_FAILURE - Execution of step "bike_rental_features" failed.

dagster._core.errors.DagsterExecutionStepExecutionError: Error occurred while executing op "bike_rental_features"::

TypeError: can only concatenate list (not "str") to list

Stack Trace:
  File "/home/kai/miniconda3/envs/bike-share/lib/python3.12/site-packages/dagster/_core/execution/plan/utils.py", line 54, in op_execution_error_boundary
    yield
  File "/home/kai/miniconda3/envs/bike-share/lib/python3.12/site-packages/dagster/_utils/__init__.py", line 490, in iterate_with_context
    next_output = next(iterator)
                  ^^^^^^^^^^^^^^
  File "/home/kai/miniconda3/envs/bike-share/lib/python3.12/site-packages/dagster/_core/execution/plan/compute_generator.py", line 140, in _coerce_op_compute_fn_to_iterator
    result = invoke_compute_fn(
             ^^^^^^^^^^^^^^^^^^
  File "/home/kai/miniconda3/envs/bike-share/lib/python3.12/site-packages/dagster/_core/execution/plan/compute_generator.py", line 128, in invoke_compute_fn
    return fn(context, **args_to_pass) if context_arg_provided else fn(**args_to_pass)
                                                                    ^^^^^^^^^^^^^^^^^^
  File "/home/kai/Git/twai_mlops_assignment2-main/src/bike_share/assets/bike_rental_features.py", line 14, in bike_rental_features
    CATEGORICAL_FEATURES + NUMERIC_FEATURES + TARGET
    ~~~~~~~~~~~~~~~~~~~~~~~~~~~~~~~~~~~~~~~~^~~~~~~~
[0m
