[32m2024-12-11 15:11:53 +0100[0m - dagster - [34mDEBUG[0m - __ASSET_JOB - c443b218-0f04-48cf-9151-f108f218e676 - 629488 - LOGS_CAPTURED - Started capturing logs in process (pid: 629488).
[32m2024-12-11 15:11:53 +0100[0m - dagster - [34mDEBUG[0m - __ASSET_JOB - c443b218-0f04-48cf-9151-f108f218e676 - 629488 - xgboost_regressor - STEP_START - Started execution of step "xgboost_regressor".
[32m2024-12-11 15:11:53 +0100[0m - dagster - [34mDEBUG[0m - __ASSET_JOB - c443b218-0f04-48cf-9151-f108f218e676 - xgboost_regressor - Loading file from: /home/kai/Git/twai_mlops_assignment2-main/src/tmp9wf98lfe/storage/test_data using PickledObjectFilesystemIOManager...
[32m2024-12-11 15:11:54 +0100[0m - dagster - [34mDEBUG[0m - __ASSET_JOB - c443b218-0f04-48cf-9151-f108f218e676 - 629488 - xgboost_regressor - LOADED_INPUT - Loaded input "test_data" using input manager "io_manager", from output "test_data" of step "train_test_data"
[32m2024-12-11 15:11:54 +0100[0m - dagster - [34mDEBUG[0m - __ASSET_JOB - c443b218-0f04-48cf-9151-f108f218e676 - xgboost_regressor - Loading file from: /home/kai/Git/twai_mlops_assignment2-main/src/tmp9wf98lfe/storage/train_data using PickledObjectFilesystemIOManager...
[32m2024-12-11 15:11:54 +0100[0m - dagster - [34mDEBUG[0m - __ASSET_JOB - c443b218-0f04-48cf-9151-f108f218e676 - 629488 - xgboost_regressor - LOADED_INPUT - Loaded input "train_data" using input manager "io_manager", from output "train_data" of step "train_test_data"
[32m2024-12-11 15:11:54 +0100[0m - dagster - [34mDEBUG[0m - __ASSET_JOB - c443b218-0f04-48cf-9151-f108f218e676 - 629488 - xgboost_regressor - STEP_INPUT - Got input "test_data" of type "DataFrame". (Type check passed).
[32m2024-12-11 15:11:54 +0100[0m - dagster - [34mDEBUG[0m - __ASSET_JOB - c443b218-0f04-48cf-9151-f108f218e676 - 629488 - xgboost_regressor - STEP_INPUT - Got input "train_data" of type "DataFrame". (Type check passed).
/home/kai/miniconda3/envs/bike-share/lib/python3.12/site-packages/xgboost/core.py:723: FutureWarning: Pass `objective` as keyword args.
  warnings.warn(msg, FutureWarning)
[32m2024-12-11 15:11:54 +0100[0m - dagster - [34mERROR[0m - [31m__ASSET_JOB - c443b218-0f04-48cf-9151-f108f218e676 - 629488 - xgboost_regressor - STEP_FAILURE - Execution of step "xgboost_regressor" failed.

dagster._core.errors.DagsterExecutionStepExecutionError: Error occurred while executing op "xgboost_regressor"::

TypeError: cannot unpack non-iterable GridSearchCV object

Stack Trace:
  File "/home/kai/miniconda3/envs/bike-share/lib/python3.12/site-packages/dagster/_core/execution/plan/utils.py", line 54, in op_execution_error_boundary
    yield
  File "/home/kai/miniconda3/envs/bike-share/lib/python3.12/site-packages/dagster/_utils/__init__.py", line 490, in iterate_with_context
    next_output = next(iterator)
                  ^^^^^^^^^^^^^^
  File "/home/kai/miniconda3/envs/bike-share/lib/python3.12/site-packages/dagster/_core/execution/plan/compute_generator.py", line 140, in _coerce_op_compute_fn_to_iterator
    result = invoke_compute_fn(
             ^^^^^^^^^^^^^^^^^^
  File "/home/kai/miniconda3/envs/bike-share/lib/python3.12/site-packages/dagster/_core/execution/plan/compute_generator.py", line 128, in invoke_compute_fn
    return fn(context, **args_to_pass) if context_arg_provided else fn(**args_to_pass)
                                                                    ^^^^^^^^^^^^^^^^^^
  File "/home/kai/Git/twai_mlops_assignment2-main/src/bike_share/assets/models.py", line 84, in xgboost_regressor
    create_pipeline(XGBRegressor(GridSearchCV)).fit(train_input, train_output)
  File "/home/kai/miniconda3/envs/bike-share/lib/python3.12/site-packages/sklearn/base.py", line 1473, in wrapper
    return fit_method(estimator, *args, **kwargs)
           ^^^^^^^^^^^^^^^^^^^^^^^^^^^^^^^^^^^^^^
  File "/home/kai/miniconda3/envs/bike-share/lib/python3.12/site-packages/sklearn/pipeline.py", line 473, in fit
    self._final_estimator.fit(Xt, y, **last_step_params["fit"])
  File "/home/kai/miniconda3/envs/bike-share/lib/python3.12/site-packages/xgboost/core.py", line 726, in inner_f
    return func(**kwargs)
           ^^^^^^^^^^^^^^
  File "/home/kai/miniconda3/envs/bike-share/lib/python3.12/site-packages/xgboost/sklearn.py", line 1108, in fit
    self._Booster = train(
                    ^^^^^^
  File "/home/kai/miniconda3/envs/bike-share/lib/python3.12/site-packages/xgboost/core.py", line 726, in inner_f
    return func(**kwargs)
           ^^^^^^^^^^^^^^
  File "/home/kai/miniconda3/envs/bike-share/lib/python3.12/site-packages/xgboost/training.py", line 181, in train
    bst.update(dtrain, iteration=i, fobj=obj)
  File "/home/kai/miniconda3/envs/bike-share/lib/python3.12/site-packages/xgboost/core.py", line 2107, in update
    grad, hess = fobj(pred, dtrain)
    ^^^^^^^^^^
[0m
