Fitting 3 folds for each of 108 candidates, totalling 324 fits
[CV] END estimator__colsample_bytree=0.8, estimator__learning_rate=0.01, estimator__max_depth=3, estimator__n_estimators=100, estimator__subsample=1.0; total time=   0.4s
[CV] END estimator__colsample_bytree=0.8, estimator__learning_rate=0.01, estimator__max_depth=3, estimator__n_estimators=300, estimator__subsample=0.8; total time=   0.3s
[CV] END estimator__colsample_bytree=0.8, estimator__learning_rate=0.01, estimator__max_depth=3, estimator__n_estimators=300, estimator__subsample=1.0; total time=   0.4s
[CV] END estimator__colsample_bytree=0.8, estimator__learning_rate=0.01, estimator__max_depth=5, estimator__n_estimators=100, estimator__subsample=0.8; total time=   0.3s
[CV] END estimator__colsample_bytree=0.8, estimator__learning_rate=0.01, estimator__max_depth=5, estimator__n_estimators=100, estimator__subsample=1.0; total time=   0.6s
[CV] END estimator__colsample_bytree=0.8, estimator__learning_rate=0.01, estimator__max_depth=5, estimator__n_estimators=200, estimator__subsample=1.0; total time=   1.0s
[CV] END estimator__colsample_bytree=0.8, estimator__learning_rate=0.01, estimator__max_depth=5, estimator__n_estimators=300, estimator__subsample=1.0; total time=   1.7s
[CV] END estimator__colsample_bytree=0.8, estimator__learning_rate=0.01, estimator__max_depth=7, estimator__n_estimators=100, estimator__subsample=1.0; total time=   1.1s
[CV] END estimator__colsample_bytree=0.8, estimator__learning_rate=0.01, estimator__max_depth=7, estimator__n_estimators=200, estimator__subsample=0.8; total time=   1.1s
[CV] END estimator__colsample_bytree=0.8, estimator__learning_rate=0.01, estimator__max_depth=7, estimator__n_estimators=200, estimator__subsample=1.0; total time=   1.1s
[CV] END estimator__colsample_bytree=0.8, estimator__learning_rate=0.01, estimator__max_depth=7, estimator__n_estimators=300, estimator__subsample=0.8; total time=   1.6s
[CV] END estimator__colsample_bytree=0.8, estimator__learning_rate=0.1, estimator__max_depth=3, estimator__n_estimators=100, estimator__subsample=0.8; total time=   0.1s
[CV] END estimator__colsample_bytree=0.8, estimator__learning_rate=0.1, estimator__max_depth=3, estimator__n_estimators=100, estimator__subsample=0.8; total time=   0.1s
[CV] END estimator__colsample_bytree=0.8, estimator__learning_rate=0.1, estimator__max_depth=3, estimator__n_estimators=100, estimator__subsample=0.8; total time=   0.1s
[CV] END estimator__colsample_bytree=0.8, estimator__learning_rate=0.1, estimator__max_depth=3, estimator__n_estimators=100, estimator__subsample=1.0; total time=   0.1s
[CV] END estimator__colsample_bytree=0.8, estimator__learning_rate=0.1, estimator__max_depth=3, estimator__n_estimators=100, estimator__subsample=1.0; total time=   0.2s
[CV] END estimator__colsample_bytree=0.8, estimator__learning_rate=0.1, estimator__max_depth=3, estimator__n_estimators=100, estimator__subsample=1.0; total time=   0.1s
[CV] END estimator__colsample_bytree=0.8, estimator__learning_rate=0.1, estimator__max_depth=3, estimator__n_estimators=200, estimator__subsample=0.8; total time=   0.3s
[CV] END estimator__colsample_bytree=0.8, estimator__learning_rate=0.1, estimator__max_depth=3, estimator__n_estimators=200, estimator__subsample=1.0; total time=   0.2s
[CV] END estimator__colsample_bytree=0.8, estimator__learning_rate=0.1, estimator__max_depth=3, estimator__n_estimators=200, estimator__subsample=1.0; total time=   0.2s
[CV] END estimator__colsample_bytree=0.8, estimator__learning_rate=0.1, estimator__max_depth=3, estimator__n_estimators=300, estimator__subsample=0.8; total time=   0.3s
[CV] END estimator__colsample_bytree=0.8, estimator__learning_rate=0.1, estimator__max_depth=5, estimator__n_estimators=100, estimator__subsample=0.8; total time=   0.3s
[CV] END estimator__colsample_bytree=0.8, estimator__learning_rate=0.1, estimator__max_depth=5, estimator__n_estimators=100, estimator__subsample=1.0; total time=   0.3s
[CV] END estimator__colsample_bytree=0.8, estimator__learning_rate=0.1, estimator__max_depth=5, estimator__n_estimators=200, estimator__subsample=0.8; total time=   0.9s
[CV] END estimator__colsample_bytree=0.8, estimator__learning_rate=0.1, estimator__max_depth=5, estimator__n_estimators=300, estimator__subsample=0.8; total time=   1.3s
[CV] END estimator__colsample_bytree=0.8, estimator__learning_rate=0.1, estimator__max_depth=7, estimator__n_estimators=100, estimator__subsample=0.8; total time=   0.7s
[CV] END estimator__colsample_bytree=0.8, estimator__learning_rate=0.1, estimator__max_depth=7, estimator__n_estimators=200, estimator__subsample=0.8; total time=   1.8s
[CV] END estimator__colsample_bytree=0.8, estimator__learning_rate=0.1, estimator__max_depth=7, estimator__n_estimators=300, estimator__subsample=0.8; total time=   2.6s
[CV] END estimator__colsample_bytree=0.8, estimator__learning_rate=0.2, estimator__max_depth=3, estimator__n_estimators=100, estimator__subsample=1.0; total time=   0.2s
[CV] END estimator__colsample_bytree=0.8, estimator__learning_rate=0.2, estimator__max_depth=3, estimator__n_estimators=100, estimator__subsample=1.0; total time=   0.2s
[CV] END estimator__colsample_bytree=0.8, estimator__learning_rate=0.2, estimator__max_depth=3, estimator__n_estimators=200, estimator__subsample=0.8; total time=   0.3s
[CV] END estimator__colsample_bytree=0.8, estimator__learning_rate=0.2, estimator__max_depth=3, estimator__n_estimators=200, estimator__subsample=1.0; total time=   0.2s
[CV] END estimator__colsample_bytree=0.8, estimator__learning_rate=0.2, estimator__max_depth=3, estimator__n_estimators=200, estimator__subsample=1.0; total time=   0.2s
[CV] END estimator__colsample_bytree=0.8, estimator__learning_rate=0.2, estimator__max_depth=3, estimator__n_estimators=300, estimator__subsample=0.8; total time=   0.3s
[CV] END estimator__colsample_bytree=0.8, estimator__learning_rate=0.2, estimator__max_depth=3, estimator__n_estimators=300, estimator__subsample=1.0; total time=   0.3s
[CV] END estimator__colsample_bytree=0.8, estimator__learning_rate=0.2, estimator__max_depth=5, estimator__n_estimators=100, estimator__subsample=1.0; total time=   0.3s
[CV] END estimator__colsample_bytree=0.8, estimator__learning_rate=0.2, estimator__max_depth=5, estimator__n_estimators=200, estimator__subsample=0.8; total time=   0.6s
[CV] END estimator__colsample_bytree=0.8, estimator__learning_rate=0.2, estimator__max_depth=5, estimator__n_estimators=300, estimator__subsample=0.8; total time=   0.6s
[CV] END estimator__colsample_bytree=0.8, estimator__learning_rate=0.2, estimator__max_depth=5, estimator__n_estimators=300, estimator__subsample=1.0; total time=   0.6s
[CV] END estimator__colsample_bytree=0.8, estimator__learning_rate=0.2, estimator__max_depth=7, estimator__n_estimators=100, estimator__subsample=0.8; total time=   0.5s
[CV] END estimator__colsample_bytree=0.8, estimator__learning_rate=0.2, estimator__max_depth=7, estimator__n_estimators=100, estimator__subsample=1.0; total time=   0.4s
[CV] END estimator__colsample_bytree=0.8, estimator__learning_rate=0.2, estimator__max_depth=7, estimator__n_estimators=200, estimator__subsample=0.8; total time=   0.9s
[CV] END estimator__colsample_bytree=0.8, estimator__learning_rate=0.2, estimator__max_depth=7, estimator__n_estimators=200, estimator__subsample=1.0; total time=   1.1s
[CV] END estimator__colsample_bytree=0.8, estimator__learning_rate=0.2, estimator__max_depth=7, estimator__n_estimators=300, estimator__subsample=1.0; total time=   1.3s
[CV] END estimator__colsample_bytree=1.0, estimator__learning_rate=0.01, estimator__max_depth=3, estimator__n_estimators=100, estimator__subsample=0.8; total time=   0.2s
[CV] END estimator__colsample_bytree=1.0, estimator__learning_rate=0.01, estimator__max_depth=3, estimator__n_estimators=100, estimator__subsample=0.8; total time=   0.2s
[CV] END estimator__colsample_bytree=1.0, estimator__learning_rate=0.01, estimator__max_depth=3, estimator__n_estimators=100, estimator__subsample=1.0; total time=   0.2s
[CV] END estimator__colsample_bytree=1.0, estimator__learning_rate=0.01, estimator__max_depth=3, estimator__n_estimators=200, estimator__subsample=0.8; total time=   0.4s
[CV] END estimator__colsample_bytree=1.0, estimator__learning_rate=0.01, estimator__max_depth=3, estimator__n_estimators=200, estimator__subsample=1.0; total time=   0.3s[CV] END estimator__colsample_bytree=0.8, estimator__learning_rate=0.01, estimator__max_depth=3, estimator__n_estimators=100, estimator__subsample=0.8; total time=   0.2s
[CV] END estimator__colsample_bytree=0.8, estimator__learning_rate=0.01, estimator__max_depth=3, estimator__n_estimators=100, estimator__subsample=1.0; total time=   0.1s
[CV] END estimator__colsample_bytree=0.8, estimator__learning_rate=0.01, estimator__max_depth=3, estimator__n_estimators=100, estimator__subsample=1.0; total time=   0.2s
[CV] END estimator__colsample_bytree=0.8, estimator__learning_rate=0.01, estimator__max_depth=3, estimator__n_estimators=200, estimator__subsample=0.8; total time=   0.3s
[CV] END estimator__colsample_bytree=0.8, estimator__learning_rate=0.01, estimator__max_depth=3, estimator__n_estimators=200, estimator__subsample=0.8; total time=   0.4s
[CV] END estimator__colsample_bytree=0.8, estimator__learning_rate=0.01, estimator__max_depth=3, estimator__n_estimators=200, estimator__subsample=1.0; total time=   0.5s
[CV] END estimator__colsample_bytree=0.8, estimator__learning_rate=0.01, estimator__max_depth=3, estimator__n_estimators=300, estimator__subsample=1.0; total time=   0.4s
[CV] END estimator__colsample_bytree=0.8, estimator__learning_rate=0.01, estimator__max_depth=5, estimator__n_estimators=100, estimator__subsample=0.8; total time=   0.2s
[CV] END estimator__colsample_bytree=0.8, estimator__learning_rate=0.01, estimator__max_depth=5, estimator__n_estimators=100, estimator__subsample=1.0; total time=   0.3s
[CV] END estimator__colsample_bytree=0.8, estimator__learning_rate=0.01, estimator__max_depth=5, estimator__n_estimators=200, estimator__subsample=0.8; total time=   0.5s
[CV] END estimator__colsample_bytree=0.8, estimator__learning_rate=0.01, estimator__max_depth=5, estimator__n_estimators=200, estimator__subsample=1.0; total time=   0.5s
[CV] END estimator__colsample_bytree=0.8, estimator__learning_rate=0.01, estimator__max_depth=5, estimator__n_estimators=300, estimator__subsample=0.8; total time=   0.7s
[CV] END estimator__colsample_bytree=0.8, estimator__learning_rate=0.01, estimator__max_depth=5, estimator__n_estimators=300, estimator__subsample=1.0; total time=   0.8s
[CV] END estimator__colsample_bytree=0.8, estimator__learning_rate=0.01, estimator__max_depth=7, estimator__n_estimators=100, estimator__subsample=0.8; total time=   0.7s
[CV] END estimator__colsample_bytree=0.8, estimator__learning_rate=0.01, estimator__max_depth=7, estimator__n_estimators=100, estimator__subsample=1.0; total time=   1.1s
[CV] END estimator__colsample_bytree=0.8, estimator__learning_rate=0.01, estimator__max_depth=7, estimator__n_estimators=200, estimator__subsample=0.8; total time=   1.6s
[CV] END estimator__colsample_bytree=0.8, estimator__learning_rate=0.01, estimator__max_depth=7, estimator__n_estimators=300, estimator__subsample=0.8; total time=   2.0s
[CV] END estimator__colsample_bytree=0.8, estimator__learning_rate=0.01, estimator__max_depth=7, estimator__n_estimators=300, estimator__subsample=1.0; total time=   1.8s
[CV] END estimator__colsample_bytree=0.8, estimator__learning_rate=0.1, estimator__max_depth=3, estimator__n_estimators=300, estimator__subsample=1.0; total time=   0.4s
[CV] END estimator__colsample_bytree=0.8, estimator__learning_rate=0.1, estimator__max_depth=5, estimator__n_estimators=100, estimator__subsample=1.0; total time=   0.4s
[CV] END estimator__colsample_bytree=0.8, estimator__learning_rate=0.1, estimator__max_depth=5, estimator__n_estimators=200, estimator__subsample=0.8; total time=   0.6s
[CV] END estimator__colsample_bytree=0.8, estimator__learning_rate=0.1, estimator__max_depth=5, estimator__n_estimators=200, estimator__subsample=1.0; total time=   0.5s
[CV] END estimator__colsample_bytree=0.8, estimator__learning_rate=0.1, estimator__max_depth=5, estimator__n_estimators=300, estimator__subsample=1.0; total time=   0.8s
[CV] END estimator__colsample_bytree=0.8, estimator__learning_rate=0.1, estimator__max_depth=7, estimator__n_estimators=100, estimator__subsample=0.8; total time=   0.7s
[CV] END estimator__colsample_bytree=0.8, estimator__learning_rate=0.1, estimator__max_depth=7, estimator__n_estimators=100, estimator__subsample=1.0; total time=   0.5s
[CV] END estimator__colsample_bytree=0.8, estimator__learning_rate=0.1, estimator__max_depth=7, estimator__n_estimators=200, estimator__subsample=0.8; total time=   1.2s
[CV] END estimator__colsample_bytree=0.8, estimator__learning_rate=0.1, estimator__max_depth=7, estimator__n_estimators=200, estimator__subsample=1.0; total time=   1.5s
[CV] END estimator__colsample_bytree=0.8, estimator__learning_rate=0.1, estimator__max_depth=7, estimator__n_estimators=300, estimator__subsample=1.0; total time=   1.1s
[CV] END estimator__colsample_bytree=0.8, estimator__learning_rate=0.2, estimator__max_depth=3, estimator__n_estimators=100, estimator__subsample=0.8; total time=   0.1s
[CV] END estimator__colsample_bytree=0.8, estimator__learning_rate=0.2, estimator__max_depth=3, estimator__n_estimators=100, estimator__subsample=0.8; total time=   0.1s
[CV] END estimator__colsample_bytree=0.8, estimator__learning_rate=0.2, estimator__max_depth=3, estimator__n_estimators=100, estimator__subsample=0.8; total time=   0.2s
[CV] END estimator__colsample_bytree=0.8, estimator__learning_rate=0.2, estimator__max_depth=3, estimator__n_estimators=100, estimator__subsample=1.0; total time=   0.1s
[CV] END estimator__colsample_bytree=0.8, estimator__learning_rate=0.2, estimator__max_depth=3, estimator__n_estimators=200, estimator__subsample=0.8; total time=   0.3s
[CV] END estimator__colsample_bytree=0.8, estimator__learning_rate=0.2, estimator__max_depth=3, estimator__n_estimators=200, estimator__subsample=0.8; total time=   0.3s
[CV] END estimator__colsample_bytree=0.8, estimator__learning_rate=0.2, estimator__max_depth=3, estimator__n_estimators=300, estimator__subsample=0.8; total time=   0.4s
[CV] END estimator__colsample_bytree=0.8, estimator__learning_rate=0.2, estimator__max_depth=3, estimator__n_estimators=300, estimator__subsample=1.0; total time=   0.3s
[CV] END estimator__colsample_bytree=0.8, estimator__learning_rate=0.2, estimator__max_depth=5, estimator__n_estimators=100, estimator__subsample=0.8; total time=   0.3s
[CV] END estimator__colsample_bytree=0.8, estimator__learning_rate=0.2, estimator__max_depth=5, estimator__n_estimators=200, estimator__subsample=0.8; total time=   0.6s
[CV] END estimator__colsample_bytree=0.8, estimator__learning_rate=0.2, estimator__max_depth=5, estimator__n_estimators=200, estimator__subsample=1.0; total time=   0.5s
[CV] END estimator__colsample_bytree=0.8, estimator__learning_rate=0.2, estimator__max_depth=5, estimator__n_estimators=300, estimator__subsample=0.8; total time=   0.8s
[CV] END estimator__colsample_bytree=0.8, estimator__learning_rate=0.2, estimator__max_depth=7, estimator__n_estimators=100, estimator__subsample=0.8; total time=   0.5s
[CV] END estimator__colsample_bytree=0.8, estimator__learning_rate=0.2, estimator__max_depth=7, estimator__n_estimators=100, estimator__subsample=1.0; total time=   0.5s
[CV] END estimator__colsample_bytree=0.8, estimator__learning_rate=0.2, estimator__max_depth=7, estimator__n_estimators=200, estimator__subsample=1.0; total time=   1.0s
[CV] END estimator__colsample_bytree=0.8, estimator__learning_rate=0.2, estimator__max_depth=7, estimator__n_estimators=300, estimator__subsample=0.8; total time=   1.3s
[CV] END estimator__colsample_bytree=0.8, estimator__learning_rate=0.2, estimator__max_depth=7, estimator__n_estimators=300, estimator__subsample=1.0; total time=   1.4s
[CV] END estimator__colsample_bytree=1.0, estimator__learning_rate=0.01, estimator__max_depth=3, estimator__n_estimators=200, estimator__subsample=0.8; total time=   0.2s
[CV] END estimator__colsample_bytree=1.0, estimator__learning_rate=0.01, estimator__max_depth=3, estimator__n_estimators=200, estimator__subsample=1.0; total time=   0.2s
[CV] END estimator__colsample_bytree=1.0, estimator__learning_rate=0.01, estimator__max_depth=3, estimator__n_estimators=300, estimator__subsample=0.8; total time=   0.3s
[CV] END estimator__colsample_bytree=1.0, estimator__learning_rate=0.01, estimator__max_depth=3, estimator__n_estimators=300, estimator__subsample=1.0; total time=   0.4s[CV] END estimator__colsample_bytree=0.8, estimator__learning_rate=0.01, estimator__max_depth=3, estimator__n_estimators=100, estimator__subsample=0.8; total time=   0.3s
[CV] END estimator__colsample_bytree=0.8, estimator__learning_rate=0.01, estimator__max_depth=3, estimator__n_estimators=200, estimator__subsample=1.0; total time=   0.4s
[CV] END estimator__colsample_bytree=0.8, estimator__learning_rate=0.01, estimator__max_depth=3, estimator__n_estimators=300, estimator__subsample=0.8; total time=   0.5s
[CV] END estimator__colsample_bytree=0.8, estimator__learning_rate=0.01, estimator__max_depth=5, estimator__n_estimators=100, estimator__subsample=0.8; total time=   0.4s
[CV] END estimator__colsample_bytree=0.8, estimator__learning_rate=0.01, estimator__max_depth=5, estimator__n_estimators=100, estimator__subsample=1.0; total time=   0.3s
[CV] END estimator__colsample_bytree=0.8, estimator__learning_rate=0.01, estimator__max_depth=5, estimator__n_estimators=200, estimator__subsample=0.8; total time=   0.5s
[CV] END estimator__colsample_bytree=0.8, estimator__learning_rate=0.01, estimator__max_depth=5, estimator__n_estimators=200, estimator__subsample=1.0; total time=   0.5s
[CV] END estimator__colsample_bytree=0.8, estimator__learning_rate=0.01, estimator__max_depth=5, estimator__n_estimators=300, estimator__subsample=0.8; total time=   0.7s
[CV] END estimator__colsample_bytree=0.8, estimator__learning_rate=0.01, estimator__max_depth=5, estimator__n_estimators=300, estimator__subsample=1.0; total time=   1.3s
[CV] END estimator__colsample_bytree=0.8, estimator__learning_rate=0.01, estimator__max_depth=7, estimator__n_estimators=100, estimator__subsample=0.8; total time=   0.6s
[CV] END estimator__colsample_bytree=0.8, estimator__learning_rate=0.01, estimator__max_depth=7, estimator__n_estimators=200, estimator__subsample=0.8; total time=   1.1s
[CV] END estimator__colsample_bytree=0.8, estimator__learning_rate=0.01, estimator__max_depth=7, estimator__n_estimators=200, estimator__subsample=1.0; total time=   1.1s
[CV] END estimator__colsample_bytree=0.8, estimator__learning_rate=0.01, estimator__max_depth=7, estimator__n_estimators=300, estimator__subsample=0.8; total time=   1.6s
[CV] END estimator__colsample_bytree=0.8, estimator__learning_rate=0.01, estimator__max_depth=7, estimator__n_estimators=300, estimator__subsample=1.0; total time=   1.6s
[CV] END estimator__colsample_bytree=0.8, estimator__learning_rate=0.1, estimator__max_depth=3, estimator__n_estimators=200, estimator__subsample=0.8; total time=   0.2s
[CV] END estimator__colsample_bytree=0.8, estimator__learning_rate=0.1, estimator__max_depth=3, estimator__n_estimators=200, estimator__subsample=1.0; total time=   0.2s
[CV] END estimator__colsample_bytree=0.8, estimator__learning_rate=0.1, estimator__max_depth=3, estimator__n_estimators=300, estimator__subsample=0.8; total time=   0.3s
[CV] END estimator__colsample_bytree=0.8, estimator__learning_rate=0.1, estimator__max_depth=3, estimator__n_estimators=300, estimator__subsample=1.0; total time=   0.3s
[CV] END estimator__colsample_bytree=0.8, estimator__learning_rate=0.1, estimator__max_depth=5, estimator__n_estimators=100, estimator__subsample=0.8; total time=   0.2s
[CV] END estimator__colsample_bytree=0.8, estimator__learning_rate=0.1, estimator__max_depth=5, estimator__n_estimators=100, estimator__subsample=1.0; total time=   0.3s
[CV] END estimator__colsample_bytree=0.8, estimator__learning_rate=0.1, estimator__max_depth=5, estimator__n_estimators=200, estimator__subsample=1.0; total time=   0.4s
[CV] END estimator__colsample_bytree=0.8, estimator__learning_rate=0.1, estimator__max_depth=5, estimator__n_estimators=200, estimator__subsample=1.0; total time=   0.4s
[CV] END estimator__colsample_bytree=0.8, estimator__learning_rate=0.1, estimator__max_depth=5, estimator__n_estimators=300, estimator__subsample=0.8; total time=   0.6s
[CV] END estimator__colsample_bytree=0.8, estimator__learning_rate=0.1, estimator__max_depth=5, estimator__n_estimators=300, estimator__subsample=1.0; total time=   0.6s
[CV] END estimator__colsample_bytree=0.8, estimator__learning_rate=0.1, estimator__max_depth=7, estimator__n_estimators=100, estimator__subsample=0.8; total time=   0.5s
[CV] END estimator__colsample_bytree=0.8, estimator__learning_rate=0.1, estimator__max_depth=7, estimator__n_estimators=100, estimator__subsample=1.0; total time=   0.6s
[CV] END estimator__colsample_bytree=0.8, estimator__learning_rate=0.1, estimator__max_depth=7, estimator__n_estimators=200, estimator__subsample=1.0; total time=   1.5s
[CV] END estimator__colsample_bytree=0.8, estimator__learning_rate=0.1, estimator__max_depth=7, estimator__n_estimators=300, estimator__subsample=0.8; total time=   1.6s
[CV] END estimator__colsample_bytree=0.8, estimator__learning_rate=0.1, estimator__max_depth=7, estimator__n_estimators=300, estimator__subsample=1.0; total time=   1.8s
[CV] END estimator__colsample_bytree=0.8, estimator__learning_rate=0.2, estimator__max_depth=3, estimator__n_estimators=200, estimator__subsample=1.0; total time=   0.4s
[CV] END estimator__colsample_bytree=0.8, estimator__learning_rate=0.2, estimator__max_depth=3, estimator__n_estimators=300, estimator__subsample=1.0; total time=   0.3s
[CV] END estimator__colsample_bytree=0.8, estimator__learning_rate=0.2, estimator__max_depth=5, estimator__n_estimators=100, estimator__subsample=0.8; total time=   0.2s
[CV] END estimator__colsample_bytree=0.8, estimator__learning_rate=0.2, estimator__max_depth=5, estimator__n_estimators=100, estimator__subsample=1.0; total time=   0.2s
[CV] END estimator__colsample_bytree=0.8, estimator__learning_rate=0.2, estimator__max_depth=5, estimator__n_estimators=200, estimator__subsample=1.0; total time=   0.4s
[CV] END estimator__colsample_bytree=0.8, estimator__learning_rate=0.2, estimator__max_depth=5, estimator__n_estimators=200, estimator__subsample=1.0; total time=   0.7s
[CV] END estimator__colsample_bytree=0.8, estimator__learning_rate=0.2, estimator__max_depth=5, estimator__n_estimators=300, estimator__subsample=1.0; total time=   0.8s
[CV] END estimator__colsample_bytree=0.8, estimator__learning_rate=0.2, estimator__max_depth=7, estimator__n_estimators=100, estimator__subsample=1.0; total time=   0.6s
[CV] END estimator__colsample_bytree=0.8, estimator__learning_rate=0.2, estimator__max_depth=7, estimator__n_estimators=200, estimator__subsample=0.8; total time=   1.4s
[CV] END estimator__colsample_bytree=0.8, estimator__learning_rate=0.2, estimator__max_depth=7, estimator__n_estimators=300, estimator__subsample=0.8; total time=   1.9s
[CV] END estimator__colsample_bytree=0.8, estimator__learning_rate=0.2, estimator__max_depth=7, estimator__n_estimators=300, estimator__subsample=1.0; total time=   1.6s
[CV] END estimator__colsample_bytree=1.0, estimator__learning_rate=0.01, estimator__max_depth=3, estimator__n_estimators=300, estimator__subsample=1.0; total time=   0.4s
[CV] END estimator__colsample_bytree=1.0, estimator__learning_rate=0.01, estimator__max_depth=5, estimator__n_estimators=100, estimator__subsample=0.8; total time=   0.4s
[CV] END estimator__colsample_bytree=1.0, estimator__learning_rate=0.01, estimator__max_depth=5, estimator__n_estimators=100, estimator__subsample=1.0; total time=   0.5s
[CV] END estimator__colsample_bytree=1.0, estimator__learning_rate=0.01, estimator__max_depth=5, estimator__n_estimators=200, estimator__subsample=1.0; total time=   0.7s
[CV] END estimator__colsample_bytree=1.0, estimator__learning_rate=0.01, estimator__max_depth=5, estimator__n_estimators=300, estimator__subsample=0.8; total time=   0.8s
[CV] END estimator__colsample_bytree=1.0, estimator__learning_rate=0.01, estimator__max_depth=5, estimator__n_estimators=300, estimator__subsample=1.0; total time=   1.0s
[CV] END estimator__colsample_bytree=1.0, estimator__learning_rate=0.01, estimator__max_depth=7, estimator__n_estimators=100, estimator__subsample=0.8; total time=   0.7s
[CV] END estimator__colsample_bytree=1.0, estimator__learning_rate=0.01, estimator__max_depth=7, estimator__n_estimators=200, estimator__subsample=0.8; total time=   1.4s
[CV] END estimator__colsample_bytree=1.0, estimator__learning_rate=0.01, estimator__max_depth=7, estimator__n_estimators=200, estimator__subsample=1.0; total time=   1.8s[CV] END estimator__colsample_bytree=0.8, estimator__learning_rate=0.01, estimator__max_depth=3, estimator__n_estimators=100, estimator__subsample=0.8; total time=   0.1s
[CV] END estimator__colsample_bytree=0.8, estimator__learning_rate=0.01, estimator__max_depth=3, estimator__n_estimators=200, estimator__subsample=0.8; total time=   0.2s
[CV] END estimator__colsample_bytree=0.8, estimator__learning_rate=0.01, estimator__max_depth=3, estimator__n_estimators=200, estimator__subsample=1.0; total time=   0.5s
[CV] END estimator__colsample_bytree=0.8, estimator__learning_rate=0.01, estimator__max_depth=3, estimator__n_estimators=300, estimator__subsample=0.8; total time=   0.4s
[CV] END estimator__colsample_bytree=0.8, estimator__learning_rate=0.01, estimator__max_depth=3, estimator__n_estimators=300, estimator__subsample=1.0; total time=   0.5s
[CV] END estimator__colsample_bytree=0.8, estimator__learning_rate=0.01, estimator__max_depth=5, estimator__n_estimators=200, estimator__subsample=0.8; total time=   1.0s
[CV] END estimator__colsample_bytree=0.8, estimator__learning_rate=0.01, estimator__max_depth=5, estimator__n_estimators=300, estimator__subsample=0.8; total time=   1.6s
[CV] END estimator__colsample_bytree=0.8, estimator__learning_rate=0.01, estimator__max_depth=7, estimator__n_estimators=100, estimator__subsample=0.8; total time=   0.9s
[CV] END estimator__colsample_bytree=0.8, estimator__learning_rate=0.01, estimator__max_depth=7, estimator__n_estimators=100, estimator__subsample=1.0; total time=   1.1s
[CV] END estimator__colsample_bytree=0.8, estimator__learning_rate=0.01, estimator__max_depth=7, estimator__n_estimators=200, estimator__subsample=1.0; total time=   2.3s
[CV] END estimator__colsample_bytree=0.8, estimator__learning_rate=0.01, estimator__max_depth=7, estimator__n_estimators=300, estimator__subsample=1.0; total time=   2.3s
[CV] END estimator__colsample_bytree=0.8, estimator__learning_rate=0.1, estimator__max_depth=3, estimator__n_estimators=200, estimator__subsample=0.8; total time=   0.2s
[CV] END estimator__colsample_bytree=0.8, estimator__learning_rate=0.1, estimator__max_depth=3, estimator__n_estimators=300, estimator__subsample=0.8; total time=   0.4s
[CV] END estimator__colsample_bytree=0.8, estimator__learning_rate=0.1, estimator__max_depth=3, estimator__n_estimators=300, estimator__subsample=1.0; total time=   0.3s
[CV] END estimator__colsample_bytree=0.8, estimator__learning_rate=0.1, estimator__max_depth=5, estimator__n_estimators=100, estimator__subsample=0.8; total time=   0.4s
[CV] END estimator__colsample_bytree=0.8, estimator__learning_rate=0.1, estimator__max_depth=5, estimator__n_estimators=200, estimator__subsample=0.8; total time=   0.8s
[CV] END estimator__colsample_bytree=0.8, estimator__learning_rate=0.1, estimator__max_depth=5, estimator__n_estimators=300, estimator__subsample=0.8; total time=   0.9s
[CV] END estimator__colsample_bytree=0.8, estimator__learning_rate=0.1, estimator__max_depth=5, estimator__n_estimators=300, estimator__subsample=1.0; total time=   0.9s
[CV] END estimator__colsample_bytree=0.8, estimator__learning_rate=0.1, estimator__max_depth=7, estimator__n_estimators=100, estimator__subsample=1.0; total time=   0.7s
[CV] END estimator__colsample_bytree=0.8, estimator__learning_rate=0.1, estimator__max_depth=7, estimator__n_estimators=200, estimator__subsample=0.8; total time=   0.9s
[CV] END estimator__colsample_bytree=0.8, estimator__learning_rate=0.1, estimator__max_depth=7, estimator__n_estimators=200, estimator__subsample=1.0; total time=   0.9s
[CV] END estimator__colsample_bytree=0.8, estimator__learning_rate=0.1, estimator__max_depth=7, estimator__n_estimators=300, estimator__subsample=0.8; total time=   1.9s
[CV] END estimator__colsample_bytree=0.8, estimator__learning_rate=0.1, estimator__max_depth=7, estimator__n_estimators=300, estimator__subsample=1.0; total time=   1.6s
[CV] END estimator__colsample_bytree=0.8, estimator__learning_rate=0.2, estimator__max_depth=3, estimator__n_estimators=300, estimator__subsample=0.8; total time=   0.3s
[CV] END estimator__colsample_bytree=0.8, estimator__learning_rate=0.2, estimator__max_depth=5, estimator__n_estimators=100, estimator__subsample=0.8; total time=   0.2s
[CV] END estimator__colsample_bytree=0.8, estimator__learning_rate=0.2, estimator__max_depth=5, estimator__n_estimators=100, estimator__subsample=1.0; total time=   0.2s
[CV] END estimator__colsample_bytree=0.8, estimator__learning_rate=0.2, estimator__max_depth=5, estimator__n_estimators=200, estimator__subsample=0.8; total time=   0.7s
[CV] END estimator__colsample_bytree=0.8, estimator__learning_rate=0.2, estimator__max_depth=5, estimator__n_estimators=300, estimator__subsample=0.8; total time=   0.7s
[CV] END estimator__colsample_bytree=0.8, estimator__learning_rate=0.2, estimator__max_depth=5, estimator__n_estimators=300, estimator__subsample=1.0; total time=   0.6s
[CV] END estimator__colsample_bytree=0.8, estimator__learning_rate=0.2, estimator__max_depth=7, estimator__n_estimators=100, estimator__subsample=0.8; total time=   0.5s
[CV] END estimator__colsample_bytree=0.8, estimator__learning_rate=0.2, estimator__max_depth=7, estimator__n_estimators=200, estimator__subsample=0.8; total time=   1.1s
[CV] END estimator__colsample_bytree=0.8, estimator__learning_rate=0.2, estimator__max_depth=7, estimator__n_estimators=200, estimator__subsample=1.0; total time=   0.9s
[CV] END estimator__colsample_bytree=0.8, estimator__learning_rate=0.2, estimator__max_depth=7, estimator__n_estimators=300, estimator__subsample=0.8; total time=   1.7s
[CV] END estimator__colsample_bytree=1.0, estimator__learning_rate=0.01, estimator__max_depth=3, estimator__n_estimators=100, estimator__subsample=0.8; total time=   0.2s
[CV] END estimator__colsample_bytree=1.0, estimator__learning_rate=0.01, estimator__max_depth=3, estimator__n_estimators=100, estimator__subsample=1.0; total time=   0.2s
[CV] END estimator__colsample_bytree=1.0, estimator__learning_rate=0.01, estimator__max_depth=3, estimator__n_estimators=100, estimator__subsample=1.0; total time=   0.2s
[CV] END estimator__colsample_bytree=1.0, estimator__learning_rate=0.01, estimator__max_depth=3, estimator__n_estimators=200, estimator__subsample=0.8; total time=   0.3s
[CV] END estimator__colsample_bytree=1.0, estimator__learning_rate=0.01, estimator__max_depth=3, estimator__n_estimators=200, estimator__subsample=1.0; total time=   0.3s
[CV] END estimator__colsample_bytree=1.0, estimator__learning_rate=0.01, estimator__max_depth=3, estimator__n_estimators=300, estimator__subsample=0.8; total time=   0.4s
[CV] END estimator__colsample_bytree=1.0, estimator__learning_rate=0.01, estimator__max_depth=5, estimator__n_estimators=100, estimator__subsample=0.8; total time=   0.4s
[CV] END estimator__colsample_bytree=1.0, estimator__learning_rate=0.01, estimator__max_depth=5, estimator__n_estimators=100, estimator__subsample=1.0; total time=   0.5s
[CV] END estimator__colsample_bytree=1.0, estimator__learning_rate=0.01, estimator__max_depth=5, estimator__n_estimators=200, estimator__subsample=0.8; total time=   0.9s
[CV] END estimator__colsample_bytree=1.0, estimator__learning_rate=0.01, estimator__max_depth=5, estimator__n_estimators=300, estimator__subsample=0.8; total time=   1.1s
[CV] END estimator__colsample_bytree=1.0, estimator__learning_rate=0.01, estimator__max_depth=5, estimator__n_estimators=300, estimator__subsample=1.0; total time=   0.9s
[CV] END estimator__colsample_bytree=1.0, estimator__learning_rate=0.01, estimator__max_depth=7, estimator__n_estimators=100, estimator__subsample=1.0; total time=   0.7s
[CV] END estimator__colsample_bytree=1.0, estimator__learning_rate=0.01, estimator__max_depth=7, estimator__n_estimators=200, estimator__subsample=0.8; total time=   1.2s
[CV] END estimator__colsample_bytree=1.0, estimator__learning_rate=0.01, estimator__max_depth=7, estimator__n_estimators=200, estimator__subsample=1.0; total time=   1.3s
[CV] END estimator__colsample_bytree=1.0, estimator__learning_rate=0.01, estimator__max_depth=7, estimator__n_estimators=300, estimator__subsample=0.8; total time=   1.8s
[CV] END estimator__colsample_bytree=1.0, estimator__learning_rate=0.01, estimator__max_depth=7, estimator__n_estimators=300, estimator__subsample=1.0; total time=   2.1s🏃 View run sassy-stoat-681 at: http://localhost:4000/#/experiments/905207186122126097/runs/e94f9e0d5be14f458f3e5b54157dae04
🧪 View experiment at: http://localhost:4000/#/experiments/905207186122126097
🏃 View run wise-hog-823 at: http://localhost:4000/#/experiments/905207186122126097/runs/0f0bf4ac4b9646b8a52f42db34c55df2
🧪 View experiment at: http://localhost:4000/#/experiments/905207186122126097
🏃 View run crawling-cow-892 at: http://localhost:4000/#/experiments/905207186122126097/runs/51f4555d70834b019fab92a9b0e05d24
🧪 View experiment at: http://localhost:4000/#/experiments/905207186122126097
🏃 View run illustrious-bee-603 at: http://localhost:4000/#/experiments/905207186122126097/runs/b6560897bd0d4c409b40b09baceb8e1c
🧪 View experiment at: http://localhost:4000/#/experiments/905207186122126097
🏃 View run stately-koi-967 at: http://localhost:4000/#/experiments/905207186122126097/runs/23abaff87a7e47e3aaf4139fc32dc72d
🧪 View experiment at: http://localhost:4000/#/experiments/905207186122126097
🏃 View run 78a06040-xgboost_regressor at: http://localhost:4000/#/experiments/905207186122126097/runs/e3226ec9ab144baf904ea73b2a003dcb
🧪 View experiment at: http://localhost:4000/#/experiments/905207186122126097

[CV] END estimator__colsample_bytree=1.0, estimator__learning_rate=0.01, estimator__max_depth=7, estimator__n_estimators=300, estimator__subsample=1.0; total time=   2.0s
[CV] END estimator__colsample_bytree=1.0, estimator__learning_rate=0.1, estimator__max_depth=3, estimator__n_estimators=100, estimator__subsample=1.0; total time=   0.2s
[CV] END estimator__colsample_bytree=1.0, estimator__learning_rate=0.1, estimator__max_depth=3, estimator__n_estimators=200, estimator__subsample=0.8; total time=   0.3s
[CV] END estimator__colsample_bytree=1.0, estimator__learning_rate=0.1, estimator__max_depth=3, estimator__n_estimators=200, estimator__subsample=1.0; total time=   0.3s
[CV] END estimator__colsample_bytree=1.0, estimator__learning_rate=0.1, estimator__max_depth=3, estimator__n_estimators=200, estimator__subsample=1.0; total time=   0.2s
[CV] END estimator__colsample_bytree=1.0, estimator__learning_rate=0.1, estimator__max_depth=3, estimator__n_estimators=300, estimator__subsample=0.8; total time=   0.3s
[CV] END estimator__colsample_bytree=1.0, estimator__learning_rate=0.1, estimator__max_depth=3, estimator__n_estimators=300, estimator__subsample=1.0; total time=   0.3s
[CV] END estimator__colsample_bytree=1.0, estimator__learning_rate=0.1, estimator__max_depth=5, estimator__n_estimators=100, estimator__subsample=0.8; total time=   0.2s
[CV] END estimator__colsample_bytree=1.0, estimator__learning_rate=0.1, estimator__max_depth=5, estimator__n_estimators=100, estimator__subsample=1.0; total time=   0.3s
[CV] END estimator__colsample_bytree=1.0, estimator__learning_rate=0.1, estimator__max_depth=5, estimator__n_estimators=100, estimator__subsample=1.0; total time=   0.4s
[CV] END estimator__colsample_bytree=1.0, estimator__learning_rate=0.1, estimator__max_depth=5, estimator__n_estimators=200, estimator__subsample=1.0; total time=   0.6s
[CV] END estimator__colsample_bytree=1.0, estimator__learning_rate=0.1, estimator__max_depth=5, estimator__n_estimators=300, estimator__subsample=0.8; total time=   0.8s
[CV] END estimator__colsample_bytree=1.0, estimator__learning_rate=0.1, estimator__max_depth=5, estimator__n_estimators=300, estimator__subsample=1.0; total time=   0.8s
[CV] END estimator__colsample_bytree=1.0, estimator__learning_rate=0.1, estimator__max_depth=7, estimator__n_estimators=100, estimator__subsample=1.0; total time=   0.6s
[CV] END estimator__colsample_bytree=1.0, estimator__learning_rate=0.1, estimator__max_depth=7, estimator__n_estimators=200, estimator__subsample=0.8; total time=   1.1s
[CV] END estimator__colsample_bytree=1.0, estimator__learning_rate=0.1, estimator__max_depth=7, estimator__n_estimators=200, estimator__subsample=1.0; total time=   1.0s
[CV] END estimator__colsample_bytree=1.0, estimator__learning_rate=0.1, estimator__max_depth=7, estimator__n_estimators=300, estimator__subsample=0.8; total time=   1.5s
[CV] END estimator__colsample_bytree=1.0, estimator__learning_rate=0.1, estimator__max_depth=7, estimator__n_estimators=300, estimator__subsample=1.0; total time=   1.4s
[CV] END estimator__colsample_bytree=1.0, estimator__learning_rate=0.2, estimator__max_depth=3, estimator__n_estimators=200, estimator__subsample=1.0; total time=   0.2s
[CV] END estimator__colsample_bytree=1.0, estimator__learning_rate=0.2, estimator__max_depth=3, estimator__n_estimators=300, estimator__subsample=0.8; total time=   0.3s
[CV] END estimator__colsample_bytree=1.0, estimator__learning_rate=0.2, estimator__max_depth=3, estimator__n_estimators=300, estimator__subsample=1.0; total time=   0.3s
[CV] END estimator__colsample_bytree=1.0, estimator__learning_rate=0.2, estimator__max_depth=5, estimator__n_estimators=100, estimator__subsample=0.8; total time=   0.3s
[CV] END estimator__colsample_bytree=1.0, estimator__learning_rate=0.2, estimator__max_depth=5, estimator__n_estimators=100, estimator__subsample=1.0; total time=   0.2s
[CV] END estimator__colsample_bytree=1.0, estimator__learning_rate=0.2, estimator__max_depth=5, estimator__n_estimators=200, estimator__subsample=0.8; total time=   0.5s
[CV] END estimator__colsample_bytree=1.0, estimator__learning_rate=0.2, estimator__max_depth=5, estimator__n_estimators=200, estimator__subsample=1.0; total time=   0.5s
[CV] END estimator__colsample_bytree=1.0, estimator__learning_rate=0.2, estimator__max_depth=5, estimator__n_estimators=300, estimator__subsample=0.8; total time=   0.7s
[CV] END estimator__colsample_bytree=1.0, estimator__learning_rate=0.2, estimator__max_depth=5, estimator__n_estimators=300, estimator__subsample=1.0; total time=   0.7s
[CV] END estimator__colsample_bytree=1.0, estimator__learning_rate=0.2, estimator__max_depth=7, estimator__n_estimators=100, estimator__subsample=1.0; total time=   0.5s
[CV] END estimator__colsample_bytree=1.0, estimator__learning_rate=0.2, estimator__max_depth=7, estimator__n_estimators=100, estimator__subsample=1.0; total time=   0.5s
[CV] END estimator__colsample_bytree=1.0, estimator__learning_rate=0.2, estimator__max_depth=7, estimator__n_estimators=200, estimator__subsample=0.8; total time=   1.1s
[CV] END estimator__colsample_bytree=1.0, estimator__learning_rate=0.2, estimator__max_depth=7, estimator__n_estimators=300, estimator__subsample=0.8; total time=   1.4s
[CV] END estimator__colsample_bytree=1.0, estimator__learning_rate=0.2, estimator__max_depth=7, estimator__n_estimators=300, estimator__subsample=1.0; total time=   1.3s

[CV] END estimator__colsample_bytree=1.0, estimator__learning_rate=0.01, estimator__max_depth=3, estimator__n_estimators=300, estimator__subsample=0.8; total time=   0.4s
[CV] END estimator__colsample_bytree=1.0, estimator__learning_rate=0.01, estimator__max_depth=3, estimator__n_estimators=300, estimator__subsample=1.0; total time=   0.4s
[CV] END estimator__colsample_bytree=1.0, estimator__learning_rate=0.01, estimator__max_depth=5, estimator__n_estimators=100, estimator__subsample=1.0; total time=   0.3s
[CV] END estimator__colsample_bytree=1.0, estimator__learning_rate=0.01, estimator__max_depth=5, estimator__n_estimators=200, estimator__subsample=0.8; total time=   0.5s
[CV] END estimator__colsample_bytree=1.0, estimator__learning_rate=0.01, estimator__max_depth=5, estimator__n_estimators=200, estimator__subsample=1.0; total time=   0.9s
[CV] END estimator__colsample_bytree=1.0, estimator__learning_rate=0.01, estimator__max_depth=5, estimator__n_estimators=300, estimator__subsample=0.8; total time=   0.8s
[CV] END estimator__colsample_bytree=1.0, estimator__learning_rate=0.01, estimator__max_depth=7, estimator__n_estimators=100, estimator__subsample=0.8; total time=   0.6s
[CV] END estimator__colsample_bytree=1.0, estimator__learning_rate=0.01, estimator__max_depth=7, estimator__n_estimators=100, estimator__subsample=1.0; total time=   0.7s
[CV] END estimator__colsample_bytree=1.0, estimator__learning_rate=0.01, estimator__max_depth=7, estimator__n_estimators=200, estimator__subsample=0.8; total time=   1.6s
[CV] END estimator__colsample_bytree=1.0, estimator__learning_rate=0.01, estimator__max_depth=7, estimator__n_estimators=300, estimator__subsample=0.8; total time=   2.5s
[CV] END estimator__colsample_bytree=1.0, estimator__learning_rate=0.01, estimator__max_depth=7, estimator__n_estimators=300, estimator__subsample=1.0; total time=   2.3s
[CV] END estimator__colsample_bytree=1.0, estimator__learning_rate=0.1, estimator__max_depth=3, estimator__n_estimators=300, estimator__subsample=0.8; total time=   0.3s
[CV] END estimator__colsample_bytree=1.0, estimator__learning_rate=0.1, estimator__max_depth=5, estimator__n_estimators=100, estimator__subsample=0.8; total time=   0.5s
[CV] END estimator__colsample_bytree=1.0, estimator__learning_rate=0.1, estimator__max_depth=5, estimator__n_estimators=200, estimator__subsample=0.8; total time=   0.7s
[CV] END estimator__colsample_bytree=1.0, estimator__learning_rate=0.1, estimator__max_depth=5, estimator__n_estimators=200, estimator__subsample=1.0; total time=   0.5s
[CV] END estimator__colsample_bytree=1.0, estimator__learning_rate=0.1, estimator__max_depth=5, estimator__n_estimators=300, estimator__subsample=0.8; total time=   0.8s
[CV] END estimator__colsample_bytree=1.0, estimator__learning_rate=0.1, estimator__max_depth=7, estimator__n_estimators=100, estimator__subsample=0.8; total time=   0.6s
[CV] END estimator__colsample_bytree=1.0, estimator__learning_rate=0.1, estimator__max_depth=7, estimator__n_estimators=100, estimator__subsample=1.0; total time=   0.7s
[CV] END estimator__colsample_bytree=1.0, estimator__learning_rate=0.1, estimator__max_depth=7, estimator__n_estimators=200, estimator__subsample=0.8; total time=   1.4s
[CV] END estimator__colsample_bytree=1.0, estimator__learning_rate=0.1, estimator__max_depth=7, estimator__n_estimators=300, estimator__subsample=0.8; total time=   2.5s
[CV] END estimator__colsample_bytree=1.0, estimator__learning_rate=0.2, estimator__max_depth=3, estimator__n_estimators=100, estimator__subsample=0.8; total time=   0.2s
[CV] END estimator__colsample_bytree=1.0, estimator__learning_rate=0.2, estimator__max_depth=3, estimator__n_estimators=100, estimator__subsample=0.8; total time=   0.2s
[CV] END estimator__colsample_bytree=1.0, estimator__learning_rate=0.2, estimator__max_depth=3, estimator__n_estimators=100, estimator__subsample=1.0; total time=   0.2s
[CV] END estimator__colsample_bytree=1.0, estimator__learning_rate=0.2, estimator__max_depth=3, estimator__n_estimators=100, estimator__subsample=1.0; total time=   0.2s
[CV] END estimator__colsample_bytree=1.0, estimator__learning_rate=0.2, estimator__max_depth=3, estimator__n_estimators=200, estimator__subsample=0.8; total time=   0.3s
[CV] END estimator__colsample_bytree=1.0, estimator__learning_rate=0.2, estimator__max_depth=3, estimator__n_estimators=200, estimator__subsample=1.0; total time=   0.3s
[CV] END estimator__colsample_bytree=1.0, estimator__learning_rate=0.2, estimator__max_depth=3, estimator__n_estimators=300, estimator__subsample=0.8; total time=   0.4s
[CV] END estimator__colsample_bytree=1.0, estimator__learning_rate=0.2, estimator__max_depth=3, estimator__n_estimators=300, estimator__subsample=1.0; total time=   0.3s
[CV] END estimator__colsample_bytree=1.0, estimator__learning_rate=0.2, estimator__max_depth=5, estimator__n_estimators=100, estimator__subsample=1.0; total time=   0.3s
[CV] END estimator__colsample_bytree=1.0, estimator__learning_rate=0.2, estimator__max_depth=5, estimator__n_estimators=200, estimator__subsample=0.8; total time=   0.5s
[CV] END estimator__colsample_bytree=1.0, estimator__learning_rate=0.2, estimator__max_depth=5, estimator__n_estimators=200, estimator__subsample=1.0; total time=   0.5s
[CV] END estimator__colsample_bytree=1.0, estimator__learning_rate=0.2, estimator__max_depth=5, estimator__n_estimators=300, estimator__subsample=0.8; total time=   0.8s
[CV] END estimator__colsample_bytree=1.0, estimator__learning_rate=0.2, estimator__max_depth=5, estimator__n_estimators=300, estimator__subsample=1.0; total time=   0.7s
[CV] END estimator__colsample_bytree=1.0, estimator__learning_rate=0.2, estimator__max_depth=7, estimator__n_estimators=100, estimator__subsample=0.8; total time=   0.6s
[CV] END estimator__colsample_bytree=1.0, estimator__learning_rate=0.2, estimator__max_depth=7, estimator__n_estimators=100, estimator__subsample=1.0; total time=   0.7s
[CV] END estimator__colsample_bytree=1.0, estimator__learning_rate=0.2, estimator__max_depth=7, estimator__n_estimators=200, estimator__subsample=1.0; total time=   2.0s
[CV] END estimator__colsample_bytree=1.0, estimator__learning_rate=0.2, estimator__max_depth=7, estimator__n_estimators=300, estimator__subsample=0.8; total time=   1.9s

[CV] END estimator__colsample_bytree=1.0, estimator__learning_rate=0.01, estimator__max_depth=5, estimator__n_estimators=100, estimator__subsample=0.8; total time=   0.5s
[CV] END estimator__colsample_bytree=1.0, estimator__learning_rate=0.01, estimator__max_depth=5, estimator__n_estimators=200, estimator__subsample=0.8; total time=   0.8s
[CV] END estimator__colsample_bytree=1.0, estimator__learning_rate=0.01, estimator__max_depth=5, estimator__n_estimators=200, estimator__subsample=1.0; total time=   0.9s
[CV] END estimator__colsample_bytree=1.0, estimator__learning_rate=0.01, estimator__max_depth=5, estimator__n_estimators=300, estimator__subsample=1.0; total time=   1.2s
[CV] END estimator__colsample_bytree=1.0, estimator__learning_rate=0.01, estimator__max_depth=7, estimator__n_estimators=100, estimator__subsample=0.8; total time=   0.7s
[CV] END estimator__colsample_bytree=1.0, estimator__learning_rate=0.01, estimator__max_depth=7, estimator__n_estimators=100, estimator__subsample=1.0; total time=   0.7s
[CV] END estimator__colsample_bytree=1.0, estimator__learning_rate=0.01, estimator__max_depth=7, estimator__n_estimators=200, estimator__subsample=1.0; total time=   1.7s
[CV] END estimator__colsample_bytree=1.0, estimator__learning_rate=0.01, estimator__max_depth=7, estimator__n_estimators=300, estimator__subsample=0.8; total time=   2.3s
[CV] END estimator__colsample_bytree=1.0, estimator__learning_rate=0.1, estimator__max_depth=3, estimator__n_estimators=100, estimator__subsample=0.8; total time=   0.2s
[CV] END estimator__colsample_bytree=1.0, estimator__learning_rate=0.1, estimator__max_depth=3, estimator__n_estimators=100, estimator__subsample=0.8; total time=   0.2s
[CV] END estimator__colsample_bytree=1.0, estimator__learning_rate=0.1, estimator__max_depth=3, estimator__n_estimators=100, estimator__subsample=0.8; total time=   0.1s
[CV] END estimator__colsample_bytree=1.0, estimator__learning_rate=0.1, estimator__max_depth=3, estimator__n_estimators=100, estimator__subsample=1.0; total time=   0.1s
[CV] END estimator__colsample_bytree=1.0, estimator__learning_rate=0.1, estimator__max_depth=3, estimator__n_estimators=100, estimator__subsample=1.0; total time=   0.1s
[CV] END estimator__colsample_bytree=1.0, estimator__learning_rate=0.1, estimator__max_depth=3, estimator__n_estimators=200, estimator__subsample=0.8; total time=   0.2s
[CV] END estimator__colsample_bytree=1.0, estimator__learning_rate=0.1, estimator__max_depth=3, estimator__n_estimators=200, estimator__subsample=0.8; total time=   0.3s
[CV] END estimator__colsample_bytree=1.0, estimator__learning_rate=0.1, estimator__max_depth=3, estimator__n_estimators=200, estimator__subsample=1.0; total time=   0.3s
[CV] END estimator__colsample_bytree=1.0, estimator__learning_rate=0.1, estimator__max_depth=3, estimator__n_estimators=300, estimator__subsample=0.8; total time=   0.4s
[CV] END estimator__colsample_bytree=1.0, estimator__learning_rate=0.1, estimator__max_depth=3, estimator__n_estimators=300, estimator__subsample=1.0; total time=   0.4s
[CV] END estimator__colsample_bytree=1.0, estimator__learning_rate=0.1, estimator__max_depth=5, estimator__n_estimators=100, estimator__subsample=0.8; total time=   0.6s
[CV] END estimator__colsample_bytree=1.0, estimator__learning_rate=0.1, estimator__max_depth=5, estimator__n_estimators=200, estimator__subsample=0.8; total time=   0.6s
[CV] END estimator__colsample_bytree=1.0, estimator__learning_rate=0.1, estimator__max_depth=5, estimator__n_estimators=300, estimator__subsample=0.8; total time=   0.8s
[CV] END estimator__colsample_bytree=1.0, estimator__learning_rate=0.1, estimator__max_depth=5, estimator__n_estimators=300, estimator__subsample=1.0; total time=   0.6s
[CV] END estimator__colsample_bytree=1.0, estimator__learning_rate=0.1, estimator__max_depth=7, estimator__n_estimators=100, estimator__subsample=0.8; total time=   0.5s
[CV] END estimator__colsample_bytree=1.0, estimator__learning_rate=0.1, estimator__max_depth=7, estimator__n_estimators=200, estimator__subsample=0.8; total time=   1.0s
[CV] END estimator__colsample_bytree=1.0, estimator__learning_rate=0.1, estimator__max_depth=7, estimator__n_estimators=200, estimator__subsample=1.0; total time=   1.6s
[CV] END estimator__colsample_bytree=1.0, estimator__learning_rate=0.1, estimator__max_depth=7, estimator__n_estimators=300, estimator__subsample=1.0; total time=   2.1s
[CV] END estimator__colsample_bytree=1.0, estimator__learning_rate=0.2, estimator__max_depth=3, estimator__n_estimators=100, estimator__subsample=0.8; total time=   0.1s
[CV] END estimator__colsample_bytree=1.0, estimator__learning_rate=0.2, estimator__max_depth=3, estimator__n_estimators=100, estimator__subsample=1.0; total time=   0.2s
[CV] END estimator__colsample_bytree=1.0, estimator__learning_rate=0.2, estimator__max_depth=3, estimator__n_estimators=200, estimator__subsample=0.8; total time=   0.3s
[CV] END estimator__colsample_bytree=1.0, estimator__learning_rate=0.2, estimator__max_depth=3, estimator__n_estimators=200, estimator__subsample=0.8; total time=   0.3s
[CV] END estimator__colsample_bytree=1.0, estimator__learning_rate=0.2, estimator__max_depth=3, estimator__n_estimators=200, estimator__subsample=1.0; total time=   0.3s
[CV] END estimator__colsample_bytree=1.0, estimator__learning_rate=0.2, estimator__max_depth=3, estimator__n_estimators=300, estimator__subsample=0.8; total time=   0.3s
[CV] END estimator__colsample_bytree=1.0, estimator__learning_rate=0.2, estimator__max_depth=5, estimator__n_estimators=100, estimator__subsample=0.8; total time=   0.4s
[CV] END estimator__colsample_bytree=1.0, estimator__learning_rate=0.2, estimator__max_depth=5, estimator__n_estimators=100, estimator__subsample=1.0; total time=   0.6s
[CV] END estimator__colsample_bytree=1.0, estimator__learning_rate=0.2, estimator__max_depth=5, estimator__n_estimators=200, estimator__subsample=1.0; total time=   0.7s
[CV] END estimator__colsample_bytree=1.0, estimator__learning_rate=0.2, estimator__max_depth=5, estimator__n_estimators=300, estimator__subsample=1.0; total time=   1.3s
[CV] END estimator__colsample_bytree=1.0, estimator__learning_rate=0.2, estimator__max_depth=7, estimator__n_estimators=100, estimator__subsample=0.8; total time=   0.7s
[CV] END estimator__colsample_bytree=1.0, estimator__learning_rate=0.2, estimator__max_depth=7, estimator__n_estimators=200, estimator__subsample=0.8; total time=   1.2s
[CV] END estimator__colsample_bytree=1.0, estimator__learning_rate=0.2, estimator__max_depth=7, estimator__n_estimators=200, estimator__subsample=1.0; total time=   1.8s
[CV] END estimator__colsample_bytree=1.0, estimator__learning_rate=0.2, estimator__max_depth=7, estimator__n_estimators=300, estimator__subsample=1.0; total time=   1.5s

[CV] END estimator__colsample_bytree=1.0, estimator__learning_rate=0.1, estimator__max_depth=3, estimator__n_estimators=300, estimator__subsample=1.0; total time=   0.5s
[CV] END estimator__colsample_bytree=1.0, estimator__learning_rate=0.1, estimator__max_depth=5, estimator__n_estimators=100, estimator__subsample=1.0; total time=   0.4s
[CV] END estimator__colsample_bytree=1.0, estimator__learning_rate=0.1, estimator__max_depth=5, estimator__n_estimators=200, estimator__subsample=0.8; total time=   0.6s
[CV] END estimator__colsample_bytree=1.0, estimator__learning_rate=0.1, estimator__max_depth=5, estimator__n_estimators=200, estimator__subsample=1.0; total time=   0.5s
[CV] END estimator__colsample_bytree=1.0, estimator__learning_rate=0.1, estimator__max_depth=5, estimator__n_estimators=300, estimator__subsample=1.0; total time=   0.8s
[CV] END estimator__colsample_bytree=1.0, estimator__learning_rate=0.1, estimator__max_depth=7, estimator__n_estimators=100, estimator__subsample=0.8; total time=   0.6s
[CV] END estimator__colsample_bytree=1.0, estimator__learning_rate=0.1, estimator__max_depth=7, estimator__n_estimators=100, estimator__subsample=1.0; total time=   0.7s
[CV] END estimator__colsample_bytree=1.0, estimator__learning_rate=0.1, estimator__max_depth=7, estimator__n_estimators=200, estimator__subsample=1.0; total time=   1.2s
[CV] END estimator__colsample_bytree=1.0, estimator__learning_rate=0.1, estimator__max_depth=7, estimator__n_estimators=300, estimator__subsample=0.8; total time=   2.5s
[CV] END estimator__colsample_bytree=1.0, estimator__learning_rate=0.1, estimator__max_depth=7, estimator__n_estimators=300, estimator__subsample=1.0; total time=   1.6s
[CV] END estimator__colsample_bytree=1.0, estimator__learning_rate=0.2, estimator__max_depth=3, estimator__n_estimators=300, estimator__subsample=1.0; total time=   0.4s
[CV] END estimator__colsample_bytree=1.0, estimator__learning_rate=0.2, estimator__max_depth=5, estimator__n_estimators=100, estimator__subsample=0.8; total time=   0.4s
[CV] END estimator__colsample_bytree=1.0, estimator__learning_rate=0.2, estimator__max_depth=5, estimator__n_estimators=200, estimator__subsample=0.8; total time=   1.0s
[CV] END estimator__colsample_bytree=1.0, estimator__learning_rate=0.2, estimator__max_depth=5, estimator__n_estimators=300, estimator__subsample=0.8; total time=   1.4s
[CV] END estimator__colsample_bytree=1.0, estimator__learning_rate=0.2, estimator__max_depth=7, estimator__n_estimators=100, estimator__subsample=0.8; total time=   0.6s
[CV] END estimator__colsample_bytree=1.0, estimator__learning_rate=0.2, estimator__max_depth=7, estimator__n_estimators=200, estimator__subsample=0.8; total time=   1.0s
[CV] END estimator__colsample_bytree=1.0, estimator__learning_rate=0.2, estimator__max_depth=7, estimator__n_estimators=200, estimator__subsample=1.0; total time=   1.3s
[CV] END estimator__colsample_bytree=1.0, estimator__learning_rate=0.2, estimator__max_depth=7, estimator__n_estimators=300, estimator__subsample=0.8; total time=   1.9s
[CV] END estimator__colsample_bytree=1.0, estimator__learning_rate=0.2, estimator__max_depth=7, estimator__n_estimators=300, estimator__subsample=1.0; total time=   1.0s
