Fitting 3 folds for each of 108 candidates, totalling 324 fits
[CV] END estimator__colsample_bytree=0.8, estimator__learning_rate=0.01, estimator__max_depth=3, estimator__n_estimators=100, estimator__subsample=0.8; total time=   0.2s
[CV] END estimator__colsample_bytree=0.8, estimator__learning_rate=0.01, estimator__max_depth=3, estimator__n_estimators=200, estimator__subsample=0.8; total time=   0.3s
[CV] END estimator__colsample_bytree=0.8, estimator__learning_rate=0.01, estimator__max_depth=3, estimator__n_estimators=200, estimator__subsample=1.0; total time=   0.4s
[CV] END estimator__colsample_bytree=0.8, estimator__learning_rate=0.01, estimator__max_depth=3, estimator__n_estimators=300, estimator__subsample=1.0; total time=   0.6s
[CV] END estimator__colsample_bytree=0.8, estimator__learning_rate=0.01, estimator__max_depth=5, estimator__n_estimators=100, estimator__subsample=1.0; total time=   0.4s
[CV] END estimator__colsample_bytree=0.8, estimator__learning_rate=0.01, estimator__max_depth=5, estimator__n_estimators=100, estimator__subsample=1.0; total time=   0.2s
[CV] END estimator__colsample_bytree=0.8, estimator__learning_rate=0.01, estimator__max_depth=5, estimator__n_estimators=200, estimator__subsample=1.0; total time=   0.5s
[CV] END estimator__colsample_bytree=0.8, estimator__learning_rate=0.01, estimator__max_depth=5, estimator__n_estimators=200, estimator__subsample=1.0; total time=   0.5s
[CV] END estimator__colsample_bytree=0.8, estimator__learning_rate=0.01, estimator__max_depth=5, estimator__n_estimators=300, estimator__subsample=0.8; total time=   0.7s
[CV] END estimator__colsample_bytree=0.8, estimator__learning_rate=0.01, estimator__max_depth=7, estimator__n_estimators=100, estimator__subsample=0.8; total time=   0.5s
[CV] END estimator__colsample_bytree=0.8, estimator__learning_rate=0.01, estimator__max_depth=7, estimator__n_estimators=100, estimator__subsample=0.8; total time=   0.8s
[CV] END estimator__colsample_bytree=0.8, estimator__learning_rate=0.01, estimator__max_depth=7, estimator__n_estimators=200, estimator__subsample=0.8; total time=   1.0s
[CV] END estimator__colsample_bytree=0.8, estimator__learning_rate=0.01, estimator__max_depth=7, estimator__n_estimators=200, estimator__subsample=1.0; total time=   1.4s
[CV] END estimator__colsample_bytree=0.8, estimator__learning_rate=0.01, estimator__max_depth=7, estimator__n_estimators=300, estimator__subsample=0.8; total time=   2.2s
[CV] END estimator__colsample_bytree=0.8, estimator__learning_rate=0.1, estimator__max_depth=3, estimator__n_estimators=100, estimator__subsample=0.8; total time=   0.2s
[CV] END estimator__colsample_bytree=0.8, estimator__learning_rate=0.1, estimator__max_depth=3, estimator__n_estimators=100, estimator__subsample=1.0; total time=   0.1s
[CV] END estimator__colsample_bytree=0.8, estimator__learning_rate=0.1, estimator__max_depth=3, estimator__n_estimators=200, estimator__subsample=0.8; total time=   0.2s
[CV] END estimator__colsample_bytree=0.8, estimator__learning_rate=0.1, estimator__max_depth=3, estimator__n_estimators=200, estimator__subsample=0.8; total time=   0.2s
[CV] END estimator__colsample_bytree=0.8, estimator__learning_rate=0.1, estimator__max_depth=3, estimator__n_estimators=200, estimator__subsample=1.0; total time=   0.3s
[CV] END estimator__colsample_bytree=0.8, estimator__learning_rate=0.1, estimator__max_depth=3, estimator__n_estimators=300, estimator__subsample=0.8; total time=   0.5s
[CV] END estimator__colsample_bytree=0.8, estimator__learning_rate=0.1, estimator__max_depth=3, estimator__n_estimators=300, estimator__subsample=1.0; total time=   0.5s
[CV] END estimator__colsample_bytree=0.8, estimator__learning_rate=0.1, estimator__max_depth=5, estimator__n_estimators=100, estimator__subsample=1.0; total time=   0.3s
[CV] END estimator__colsample_bytree=0.8, estimator__learning_rate=0.1, estimator__max_depth=5, estimator__n_estimators=200, estimator__subsample=0.8; total time=   0.5s
[CV] END estimator__colsample_bytree=0.8, estimator__learning_rate=0.1, estimator__max_depth=5, estimator__n_estimators=300, estimator__subsample=0.8; total time=   0.8s
[CV] END estimator__colsample_bytree=0.8, estimator__learning_rate=0.1, estimator__max_depth=5, estimator__n_estimators=300, estimator__subsample=1.0; total time=   0.7s
[CV] END estimator__colsample_bytree=0.8, estimator__learning_rate=0.1, estimator__max_depth=7, estimator__n_estimators=100, estimator__subsample=0.8; total time=   0.5s
[CV] END estimator__colsample_bytree=0.8, estimator__learning_rate=0.1, estimator__max_depth=7, estimator__n_estimators=200, estimator__subsample=0.8; total time=   1.0s
[CV] END estimator__colsample_bytree=0.8, estimator__learning_rate=0.1, estimator__max_depth=7, estimator__n_estimators=200, estimator__subsample=1.0; total time=   1.1s
[CV] END estimator__colsample_bytree=0.8, estimator__learning_rate=0.1, estimator__max_depth=7, estimator__n_estimators=300, estimator__subsample=0.8; total time=   1.4s
[CV] END estimator__colsample_bytree=0.8, estimator__learning_rate=0.2, estimator__max_depth=3, estimator__n_estimators=100, estimator__subsample=0.8; total time=   0.1s
[CV] END estimator__colsample_bytree=0.8, estimator__learning_rate=0.2, estimator__max_depth=3, estimator__n_estimators=100, estimator__subsample=0.8; total time=   0.1s
[CV] END estimator__colsample_bytree=0.8, estimator__learning_rate=0.2, estimator__max_depth=3, estimator__n_estimators=100, estimator__subsample=1.0; total time=   0.1s
[CV] END estimator__colsample_bytree=0.8, estimator__learning_rate=0.2, estimator__max_depth=3, estimator__n_estimators=200, estimator__subsample=0.8; total time=   0.2s
[CV] END estimator__colsample_bytree=0.8, estimator__learning_rate=0.2, estimator__max_depth=3, estimator__n_estimators=200, estimator__subsample=1.0; total time=   0.2s
[CV] END estimator__colsample_bytree=0.8, estimator__learning_rate=0.2, estimator__max_depth=3, estimator__n_estimators=300, estimator__subsample=0.8; total time=   0.3s
[CV] END estimator__colsample_bytree=0.8, estimator__learning_rate=0.2, estimator__max_depth=3, estimator__n_estimators=300, estimator__subsample=1.0; total time=   0.3s
[CV] END estimator__colsample_bytree=0.8, estimator__learning_rate=0.2, estimator__max_depth=5, estimator__n_estimators=100, estimator__subsample=1.0; total time=   0.3s
[CV] END estimator__colsample_bytree=0.8, estimator__learning_rate=0.2, estimator__max_depth=5, estimator__n_estimators=200, estimator__subsample=0.8; total time=   0.5s
[CV] END estimator__colsample_bytree=0.8, estimator__learning_rate=0.2, estimator__max_depth=5, estimator__n_estimators=300, estimator__subsample=0.8; total time=   1.0s
[CV] END estimator__colsample_bytree=0.8, estimator__learning_rate=0.2, estimator__max_depth=7, estimator__n_estimators=100, estimator__subsample=0.8; total time=   0.8s
[CV] END estimator__colsample_bytree=0.8, estimator__learning_rate=0.2, estimator__max_depth=7, estimator__n_estimators=100, estimator__subsample=1.0; total time=   0.4s
[CV] END estimator__colsample_bytree=0.8, estimator__learning_rate=0.2, estimator__max_depth=7, estimator__n_estimators=200, estimator__subsample=0.8; total time=   1.0s
[CV] END estimator__colsample_bytree=0.8, estimator__learning_rate=0.2, estimator__max_depth=7, estimator__n_estimators=200, estimator__subsample=1.0; total time=   0.9s
[CV] END estimator__colsample_bytree=0.8, estimator__learning_rate=0.2, estimator__max_depth=7, estimator__n_estimators=300, estimator__subsample=0.8; total time=   1.6s
[CV] END estimator__colsample_bytree=1.0, estimator__learning_rate=0.01, estimator__max_depth=3, estimator__n_estimators=100, estimator__subsample=0.8; total time=   0.2s
[CV] END estimator__colsample_bytree=1.0, estimator__learning_rate=0.01, estimator__max_depth=3, estimator__n_estimators=100, estimator__subsample=1.0; total time=   0.1s
[CV] END estimator__colsample_bytree=1.0, estimator__learning_rate=0.01, estimator__max_depth=3, estimator__n_estimators=200, estimator__subsample=0.8; total time=   0.2s
[CV] END estimator__colsample_bytree=1.0, estimator__learning_rate=0.01, estimator__max_depth=3, estimator__n_estimators=200, estimator__subsample=1.0; total time=   0.2s
[CV] END estimator__colsample_bytree=1.0, estimator__learning_rate=0.01, estimator__max_depth=3, estimator__n_estimators=300, estimator__subsample=0.8; total time=   0.4s[CV] END estimator__colsample_bytree=0.8, estimator__learning_rate=0.01, estimator__max_depth=3, estimator__n_estimators=100, estimator__subsample=0.8; total time=   0.3s
[CV] END estimator__colsample_bytree=0.8, estimator__learning_rate=0.01, estimator__max_depth=3, estimator__n_estimators=200, estimator__subsample=0.8; total time=   0.2s
[CV] END estimator__colsample_bytree=0.8, estimator__learning_rate=0.01, estimator__max_depth=3, estimator__n_estimators=300, estimator__subsample=0.8; total time=   0.3s
[CV] END estimator__colsample_bytree=0.8, estimator__learning_rate=0.01, estimator__max_depth=3, estimator__n_estimators=300, estimator__subsample=1.0; total time=   0.3s
[CV] END estimator__colsample_bytree=0.8, estimator__learning_rate=0.01, estimator__max_depth=5, estimator__n_estimators=100, estimator__subsample=0.8; total time=   0.2s
[CV] END estimator__colsample_bytree=0.8, estimator__learning_rate=0.01, estimator__max_depth=5, estimator__n_estimators=100, estimator__subsample=0.8; total time=   0.7s
[CV] END estimator__colsample_bytree=0.8, estimator__learning_rate=0.01, estimator__max_depth=5, estimator__n_estimators=200, estimator__subsample=0.8; total time=   0.6s
[CV] END estimator__colsample_bytree=0.8, estimator__learning_rate=0.01, estimator__max_depth=5, estimator__n_estimators=200, estimator__subsample=1.0; total time=   0.7s
[CV] END estimator__colsample_bytree=0.8, estimator__learning_rate=0.01, estimator__max_depth=5, estimator__n_estimators=300, estimator__subsample=1.0; total time=   0.9s
[CV] END estimator__colsample_bytree=0.8, estimator__learning_rate=0.01, estimator__max_depth=7, estimator__n_estimators=100, estimator__subsample=0.8; total time=   0.7s
[CV] END estimator__colsample_bytree=0.8, estimator__learning_rate=0.01, estimator__max_depth=7, estimator__n_estimators=200, estimator__subsample=0.8; total time=   1.6s
[CV] END estimator__colsample_bytree=0.8, estimator__learning_rate=0.01, estimator__max_depth=7, estimator__n_estimators=200, estimator__subsample=1.0; total time=   1.3s
[CV] END estimator__colsample_bytree=0.8, estimator__learning_rate=0.01, estimator__max_depth=7, estimator__n_estimators=300, estimator__subsample=1.0; total time=   1.5s
[CV] END estimator__colsample_bytree=0.8, estimator__learning_rate=0.01, estimator__max_depth=7, estimator__n_estimators=300, estimator__subsample=1.0; total time=   1.4s
[CV] END estimator__colsample_bytree=0.8, estimator__learning_rate=0.1, estimator__max_depth=3, estimator__n_estimators=300, estimator__subsample=0.8; total time=   0.5s
[CV] END estimator__colsample_bytree=0.8, estimator__learning_rate=0.1, estimator__max_depth=3, estimator__n_estimators=300, estimator__subsample=1.0; total time=   0.5s
[CV] END estimator__colsample_bytree=0.8, estimator__learning_rate=0.1, estimator__max_depth=5, estimator__n_estimators=100, estimator__subsample=1.0; total time=   0.3s
[CV] END estimator__colsample_bytree=0.8, estimator__learning_rate=0.1, estimator__max_depth=5, estimator__n_estimators=200, estimator__subsample=0.8; total time=   0.5s
[CV] END estimator__colsample_bytree=0.8, estimator__learning_rate=0.1, estimator__max_depth=5, estimator__n_estimators=300, estimator__subsample=0.8; total time=   0.7s
[CV] END estimator__colsample_bytree=0.8, estimator__learning_rate=0.1, estimator__max_depth=5, estimator__n_estimators=300, estimator__subsample=1.0; total time=   0.8s
[CV] END estimator__colsample_bytree=0.8, estimator__learning_rate=0.1, estimator__max_depth=7, estimator__n_estimators=100, estimator__subsample=1.0; total time=   0.5s
[CV] END estimator__colsample_bytree=0.8, estimator__learning_rate=0.1, estimator__max_depth=7, estimator__n_estimators=200, estimator__subsample=0.8; total time=   0.9s
[CV] END estimator__colsample_bytree=0.8, estimator__learning_rate=0.1, estimator__max_depth=7, estimator__n_estimators=200, estimator__subsample=1.0; total time=   1.4s
[CV] END estimator__colsample_bytree=0.8, estimator__learning_rate=0.1, estimator__max_depth=7, estimator__n_estimators=300, estimator__subsample=1.0; total time=   1.3s
[CV] END estimator__colsample_bytree=0.8, estimator__learning_rate=0.2, estimator__max_depth=3, estimator__n_estimators=100, estimator__subsample=0.8; total time=   0.1s
[CV] END estimator__colsample_bytree=0.8, estimator__learning_rate=0.2, estimator__max_depth=3, estimator__n_estimators=100, estimator__subsample=1.0; total time=   0.1s
[CV] END estimator__colsample_bytree=0.8, estimator__learning_rate=0.2, estimator__max_depth=3, estimator__n_estimators=100, estimator__subsample=1.0; total time=   0.1s
[CV] END estimator__colsample_bytree=0.8, estimator__learning_rate=0.2, estimator__max_depth=3, estimator__n_estimators=200, estimator__subsample=0.8; total time=   0.2s
[CV] END estimator__colsample_bytree=0.8, estimator__learning_rate=0.2, estimator__max_depth=3, estimator__n_estimators=200, estimator__subsample=1.0; total time=   0.2s
[CV] END estimator__colsample_bytree=0.8, estimator__learning_rate=0.2, estimator__max_depth=3, estimator__n_estimators=300, estimator__subsample=0.8; total time=   0.3s
[CV] END estimator__colsample_bytree=0.8, estimator__learning_rate=0.2, estimator__max_depth=5, estimator__n_estimators=100, estimator__subsample=0.8; total time=   0.2s
[CV] END estimator__colsample_bytree=0.8, estimator__learning_rate=0.2, estimator__max_depth=5, estimator__n_estimators=100, estimator__subsample=1.0; total time=   0.2s
[CV] END estimator__colsample_bytree=0.8, estimator__learning_rate=0.2, estimator__max_depth=5, estimator__n_estimators=200, estimator__subsample=0.8; total time=   0.5s
[CV] END estimator__colsample_bytree=0.8, estimator__learning_rate=0.2, estimator__max_depth=5, estimator__n_estimators=200, estimator__subsample=1.0; total time=   0.5s
[CV] END estimator__colsample_bytree=0.8, estimator__learning_rate=0.2, estimator__max_depth=5, estimator__n_estimators=300, estimator__subsample=1.0; total time=   1.3s
[CV] END estimator__colsample_bytree=0.8, estimator__learning_rate=0.2, estimator__max_depth=7, estimator__n_estimators=100, estimator__subsample=0.8; total time=   0.5s
[CV] END estimator__colsample_bytree=0.8, estimator__learning_rate=0.2, estimator__max_depth=7, estimator__n_estimators=200, estimator__subsample=0.8; total time=   1.1s
[CV] END estimator__colsample_bytree=0.8, estimator__learning_rate=0.2, estimator__max_depth=7, estimator__n_estimators=200, estimator__subsample=1.0; total time=   1.0s
[CV] END estimator__colsample_bytree=0.8, estimator__learning_rate=0.2, estimator__max_depth=7, estimator__n_estimators=300, estimator__subsample=1.0; total time=   1.2s
[CV] END estimator__colsample_bytree=1.0, estimator__learning_rate=0.01, estimator__max_depth=3, estimator__n_estimators=100, estimator__subsample=0.8; total time=   0.1s
[CV] END estimator__colsample_bytree=1.0, estimator__learning_rate=0.01, estimator__max_depth=3, estimator__n_estimators=100, estimator__subsample=0.8; total time=   0.1s
[CV] END estimator__colsample_bytree=1.0, estimator__learning_rate=0.01, estimator__max_depth=3, estimator__n_estimators=100, estimator__subsample=1.0; total time=   0.2s
[CV] END estimator__colsample_bytree=1.0, estimator__learning_rate=0.01, estimator__max_depth=3, estimator__n_estimators=100, estimator__subsample=1.0; total time=   0.2s
[CV] END estimator__colsample_bytree=1.0, estimator__learning_rate=0.01, estimator__max_depth=3, estimator__n_estimators=200, estimator__subsample=0.8; total time=   0.3s
[CV] END estimator__colsample_bytree=1.0, estimator__learning_rate=0.01, estimator__max_depth=3, estimator__n_estimators=300, estimator__subsample=0.8; total time=   0.4s
[CV] END estimator__colsample_bytree=1.0, estimator__learning_rate=0.01, estimator__max_depth=5, estimator__n_estimators=100, estimator__subsample=0.8; total time=   0.4s
[CV] END estimator__colsample_bytree=1.0, estimator__learning_rate=0.01, estimator__max_depth=5, estimator__n_estimators=100, estimator__subsample=1.0; total time=   0.4s
[CV] END estimator__colsample_bytree=1.0, estimator__learning_rate=0.01, estimator__max_depth=5, estimator__n_estimators=200, estimator__subsample=0.8; total time=   0.6s
[CV] END estimator__colsample_bytree=1.0, estimator__learning_rate=0.01, estimator__max_depth=5, estimator__n_estimators=300, estimator__subsample=0.8; total time=   0.9s[CV] END estimator__colsample_bytree=0.8, estimator__learning_rate=0.01, estimator__max_depth=3, estimator__n_estimators=100, estimator__subsample=1.0; total time=   0.2s
[CV] END estimator__colsample_bytree=0.8, estimator__learning_rate=0.01, estimator__max_depth=3, estimator__n_estimators=100, estimator__subsample=1.0; total time=   0.2s
[CV] END estimator__colsample_bytree=0.8, estimator__learning_rate=0.01, estimator__max_depth=3, estimator__n_estimators=200, estimator__subsample=1.0; total time=   0.3s
[CV] END estimator__colsample_bytree=0.8, estimator__learning_rate=0.01, estimator__max_depth=3, estimator__n_estimators=300, estimator__subsample=0.8; total time=   0.6s
[CV] END estimator__colsample_bytree=0.8, estimator__learning_rate=0.01, estimator__max_depth=5, estimator__n_estimators=100, estimator__subsample=0.8; total time=   0.7s
[CV] END estimator__colsample_bytree=0.8, estimator__learning_rate=0.01, estimator__max_depth=5, estimator__n_estimators=200, estimator__subsample=0.8; total time=   0.7s
[CV] END estimator__colsample_bytree=0.8, estimator__learning_rate=0.01, estimator__max_depth=5, estimator__n_estimators=300, estimator__subsample=0.8; total time=   0.9s
[CV] END estimator__colsample_bytree=0.8, estimator__learning_rate=0.01, estimator__max_depth=5, estimator__n_estimators=300, estimator__subsample=1.0; total time=   1.0s
[CV] END estimator__colsample_bytree=0.8, estimator__learning_rate=0.01, estimator__max_depth=7, estimator__n_estimators=100, estimator__subsample=1.0; total time=   0.7s
[CV] END estimator__colsample_bytree=0.8, estimator__learning_rate=0.01, estimator__max_depth=7, estimator__n_estimators=200, estimator__subsample=0.8; total time=   1.7s
[CV] END estimator__colsample_bytree=0.8, estimator__learning_rate=0.01, estimator__max_depth=7, estimator__n_estimators=300, estimator__subsample=0.8; total time=   2.3s
[CV] END estimator__colsample_bytree=0.8, estimator__learning_rate=0.1, estimator__max_depth=3, estimator__n_estimators=100, estimator__subsample=0.8; total time=   0.2s
[CV] END estimator__colsample_bytree=0.8, estimator__learning_rate=0.1, estimator__max_depth=3, estimator__n_estimators=100, estimator__subsample=0.8; total time=   0.2s
[CV] END estimator__colsample_bytree=0.8, estimator__learning_rate=0.1, estimator__max_depth=3, estimator__n_estimators=100, estimator__subsample=1.0; total time=   0.1s
[CV] END estimator__colsample_bytree=0.8, estimator__learning_rate=0.1, estimator__max_depth=3, estimator__n_estimators=100, estimator__subsample=1.0; total time=   0.2s
[CV] END estimator__colsample_bytree=0.8, estimator__learning_rate=0.1, estimator__max_depth=3, estimator__n_estimators=200, estimator__subsample=0.8; total time=   0.3s
[CV] END estimator__colsample_bytree=0.8, estimator__learning_rate=0.1, estimator__max_depth=3, estimator__n_estimators=200, estimator__subsample=1.0; total time=   0.3s
[CV] END estimator__colsample_bytree=0.8, estimator__learning_rate=0.1, estimator__max_depth=3, estimator__n_estimators=200, estimator__subsample=1.0; total time=   0.3s
[CV] END estimator__colsample_bytree=0.8, estimator__learning_rate=0.1, estimator__max_depth=3, estimator__n_estimators=300, estimator__subsample=0.8; total time=   0.5s
[CV] END estimator__colsample_bytree=0.8, estimator__learning_rate=0.1, estimator__max_depth=5, estimator__n_estimators=100, estimator__subsample=0.8; total time=   0.2s
[CV] END estimator__colsample_bytree=0.8, estimator__learning_rate=0.1, estimator__max_depth=5, estimator__n_estimators=100, estimator__subsample=0.8; total time=   0.2s
[CV] END estimator__colsample_bytree=0.8, estimator__learning_rate=0.1, estimator__max_depth=5, estimator__n_estimators=100, estimator__subsample=1.0; total time=   0.2s
[CV] END estimator__colsample_bytree=0.8, estimator__learning_rate=0.1, estimator__max_depth=5, estimator__n_estimators=200, estimator__subsample=1.0; total time=   0.4s
[CV] END estimator__colsample_bytree=0.8, estimator__learning_rate=0.1, estimator__max_depth=5, estimator__n_estimators=200, estimator__subsample=1.0; total time=   0.4s
[CV] END estimator__colsample_bytree=0.8, estimator__learning_rate=0.1, estimator__max_depth=5, estimator__n_estimators=300, estimator__subsample=0.8; total time=   1.0s
[CV] END estimator__colsample_bytree=0.8, estimator__learning_rate=0.1, estimator__max_depth=7, estimator__n_estimators=100, estimator__subsample=0.8; total time=   0.5s
[CV] END estimator__colsample_bytree=0.8, estimator__learning_rate=0.1, estimator__max_depth=7, estimator__n_estimators=100, estimator__subsample=1.0; total time=   0.5s
[CV] END estimator__colsample_bytree=0.8, estimator__learning_rate=0.1, estimator__max_depth=7, estimator__n_estimators=200, estimator__subsample=1.0; total time=   0.9s
[CV] END estimator__colsample_bytree=0.8, estimator__learning_rate=0.1, estimator__max_depth=7, estimator__n_estimators=300, estimator__subsample=0.8; total time=   1.9s
[CV] END estimator__colsample_bytree=0.8, estimator__learning_rate=0.1, estimator__max_depth=7, estimator__n_estimators=300, estimator__subsample=1.0; total time=   1.3s
[CV] END estimator__colsample_bytree=0.8, estimator__learning_rate=0.2, estimator__max_depth=3, estimator__n_estimators=300, estimator__subsample=1.0; total time=   0.3s
[CV] END estimator__colsample_bytree=0.8, estimator__learning_rate=0.2, estimator__max_depth=5, estimator__n_estimators=100, estimator__subsample=0.8; total time=   0.3s
[CV] END estimator__colsample_bytree=0.8, estimator__learning_rate=0.2, estimator__max_depth=5, estimator__n_estimators=100, estimator__subsample=1.0; total time=   0.3s
[CV] END estimator__colsample_bytree=0.8, estimator__learning_rate=0.2, estimator__max_depth=5, estimator__n_estimators=200, estimator__subsample=1.0; total time=   0.5s
[CV] END estimator__colsample_bytree=0.8, estimator__learning_rate=0.2, estimator__max_depth=5, estimator__n_estimators=300, estimator__subsample=0.8; total time=   0.9s
[CV] END estimator__colsample_bytree=0.8, estimator__learning_rate=0.2, estimator__max_depth=5, estimator__n_estimators=300, estimator__subsample=1.0; total time=   0.6s
[CV] END estimator__colsample_bytree=0.8, estimator__learning_rate=0.2, estimator__max_depth=7, estimator__n_estimators=100, estimator__subsample=0.8; total time=   0.5s
[CV] END estimator__colsample_bytree=0.8, estimator__learning_rate=0.2, estimator__max_depth=7, estimator__n_estimators=100, estimator__subsample=1.0; total time=   0.5s
[CV] END estimator__colsample_bytree=0.8, estimator__learning_rate=0.2, estimator__max_depth=7, estimator__n_estimators=200, estimator__subsample=1.0; total time=   1.0s
[CV] END estimator__colsample_bytree=0.8, estimator__learning_rate=0.2, estimator__max_depth=7, estimator__n_estimators=300, estimator__subsample=0.8; total time=   1.4s
[CV] END estimator__colsample_bytree=0.8, estimator__learning_rate=0.2, estimator__max_depth=7, estimator__n_estimators=300, estimator__subsample=1.0; total time=   1.4s
[CV] END estimator__colsample_bytree=1.0, estimator__learning_rate=0.01, estimator__max_depth=3, estimator__n_estimators=200, estimator__subsample=1.0; total time=   0.2s
[CV] END estimator__colsample_bytree=1.0, estimator__learning_rate=0.01, estimator__max_depth=3, estimator__n_estimators=300, estimator__subsample=0.8; total time=   0.3s
[CV] END estimator__colsample_bytree=1.0, estimator__learning_rate=0.01, estimator__max_depth=3, estimator__n_estimators=300, estimator__subsample=1.0; total time=   0.3s
[CV] END estimator__colsample_bytree=1.0, estimator__learning_rate=0.01, estimator__max_depth=5, estimator__n_estimators=100, estimator__subsample=1.0; total time=   0.4s
[CV] END estimator__colsample_bytree=1.0, estimator__learning_rate=0.01, estimator__max_depth=5, estimator__n_estimators=200, estimator__subsample=0.8; total time=   0.7s
[CV] END estimator__colsample_bytree=1.0, estimator__learning_rate=0.01, estimator__max_depth=5, estimator__n_estimators=300, estimator__subsample=0.8; total time=   0.9s
[CV] END estimator__colsample_bytree=1.0, estimator__learning_rate=0.01, estimator__max_depth=5, estimator__n_estimators=300, estimator__subsample=1.0; total time=   1.0s
[CV] END estimator__colsample_bytree=1.0, estimator__learning_rate=0.01, estimator__max_depth=7, estimator__n_estimators=100, estimator__subsample=1.0; total time=   0.9s[CV] END estimator__colsample_bytree=0.8, estimator__learning_rate=0.01, estimator__max_depth=3, estimator__n_estimators=100, estimator__subsample=0.8; total time=   0.2s
[CV] END estimator__colsample_bytree=0.8, estimator__learning_rate=0.01, estimator__max_depth=3, estimator__n_estimators=100, estimator__subsample=1.0; total time=   0.1s
[CV] END estimator__colsample_bytree=0.8, estimator__learning_rate=0.01, estimator__max_depth=3, estimator__n_estimators=200, estimator__subsample=0.8; total time=   0.2s
[CV] END estimator__colsample_bytree=0.8, estimator__learning_rate=0.01, estimator__max_depth=3, estimator__n_estimators=200, estimator__subsample=1.0; total time=   0.2s
[CV] END estimator__colsample_bytree=0.8, estimator__learning_rate=0.01, estimator__max_depth=3, estimator__n_estimators=300, estimator__subsample=0.8; total time=   0.3s
[CV] END estimator__colsample_bytree=0.8, estimator__learning_rate=0.01, estimator__max_depth=3, estimator__n_estimators=300, estimator__subsample=1.0; total time=   0.5s
[CV] END estimator__colsample_bytree=0.8, estimator__learning_rate=0.01, estimator__max_depth=5, estimator__n_estimators=100, estimator__subsample=1.0; total time=   0.6s
[CV] END estimator__colsample_bytree=0.8, estimator__learning_rate=0.01, estimator__max_depth=5, estimator__n_estimators=200, estimator__subsample=0.8; total time=   0.6s
[CV] END estimator__colsample_bytree=0.8, estimator__learning_rate=0.01, estimator__max_depth=5, estimator__n_estimators=300, estimator__subsample=0.8; total time=   0.8s
[CV] END estimator__colsample_bytree=0.8, estimator__learning_rate=0.01, estimator__max_depth=5, estimator__n_estimators=300, estimator__subsample=1.0; total time=   0.8s
[CV] END estimator__colsample_bytree=0.8, estimator__learning_rate=0.01, estimator__max_depth=7, estimator__n_estimators=100, estimator__subsample=1.0; total time=   0.5s
[CV] END estimator__colsample_bytree=0.8, estimator__learning_rate=0.01, estimator__max_depth=7, estimator__n_estimators=100, estimator__subsample=1.0; total time=   0.8s
[CV] END estimator__colsample_bytree=0.8, estimator__learning_rate=0.01, estimator__max_depth=7, estimator__n_estimators=200, estimator__subsample=1.0; total time=   1.4s
[CV] END estimator__colsample_bytree=0.8, estimator__learning_rate=0.01, estimator__max_depth=7, estimator__n_estimators=300, estimator__subsample=0.8; total time=   2.1s
[CV] END estimator__colsample_bytree=0.8, estimator__learning_rate=0.01, estimator__max_depth=7, estimator__n_estimators=300, estimator__subsample=1.0; total time=   2.3s
[CV] END estimator__colsample_bytree=0.8, estimator__learning_rate=0.1, estimator__max_depth=3, estimator__n_estimators=300, estimator__subsample=1.0; total time=   0.3s
[CV] END estimator__colsample_bytree=0.8, estimator__learning_rate=0.1, estimator__max_depth=5, estimator__n_estimators=100, estimator__subsample=0.8; total time=   0.4s
[CV] END estimator__colsample_bytree=0.8, estimator__learning_rate=0.1, estimator__max_depth=5, estimator__n_estimators=200, estimator__subsample=0.8; total time=   0.4s
[CV] END estimator__colsample_bytree=0.8, estimator__learning_rate=0.1, estimator__max_depth=5, estimator__n_estimators=200, estimator__subsample=1.0; total time=   0.5s
[CV] END estimator__colsample_bytree=0.8, estimator__learning_rate=0.1, estimator__max_depth=5, estimator__n_estimators=300, estimator__subsample=1.0; total time=   0.8s
[CV] END estimator__colsample_bytree=0.8, estimator__learning_rate=0.1, estimator__max_depth=7, estimator__n_estimators=100, estimator__subsample=0.8; total time=   0.4s
[CV] END estimator__colsample_bytree=0.8, estimator__learning_rate=0.1, estimator__max_depth=7, estimator__n_estimators=100, estimator__subsample=1.0; total time=   0.6s
[CV] END estimator__colsample_bytree=0.8, estimator__learning_rate=0.1, estimator__max_depth=7, estimator__n_estimators=200, estimator__subsample=0.8; total time=   0.9s
[CV] END estimator__colsample_bytree=0.8, estimator__learning_rate=0.1, estimator__max_depth=7, estimator__n_estimators=300, estimator__subsample=0.8; total time=   1.5s
[CV] END estimator__colsample_bytree=0.8, estimator__learning_rate=0.1, estimator__max_depth=7, estimator__n_estimators=300, estimator__subsample=1.0; total time=   1.3s
[CV] END estimator__colsample_bytree=0.8, estimator__learning_rate=0.2, estimator__max_depth=3, estimator__n_estimators=200, estimator__subsample=0.8; total time=   0.2s
[CV] END estimator__colsample_bytree=0.8, estimator__learning_rate=0.2, estimator__max_depth=3, estimator__n_estimators=200, estimator__subsample=1.0; total time=   0.2s
[CV] END estimator__colsample_bytree=0.8, estimator__learning_rate=0.2, estimator__max_depth=3, estimator__n_estimators=300, estimator__subsample=0.8; total time=   0.3s
[CV] END estimator__colsample_bytree=0.8, estimator__learning_rate=0.2, estimator__max_depth=3, estimator__n_estimators=300, estimator__subsample=1.0; total time=   0.3s
[CV] END estimator__colsample_bytree=0.8, estimator__learning_rate=0.2, estimator__max_depth=5, estimator__n_estimators=100, estimator__subsample=0.8; total time=   0.2s
[CV] END estimator__colsample_bytree=0.8, estimator__learning_rate=0.2, estimator__max_depth=5, estimator__n_estimators=200, estimator__subsample=0.8; total time=   0.4s
[CV] END estimator__colsample_bytree=0.8, estimator__learning_rate=0.2, estimator__max_depth=5, estimator__n_estimators=200, estimator__subsample=1.0; total time=   0.4s
[CV] END estimator__colsample_bytree=0.8, estimator__learning_rate=0.2, estimator__max_depth=5, estimator__n_estimators=300, estimator__subsample=0.8; total time=   0.6s
[CV] END estimator__colsample_bytree=0.8, estimator__learning_rate=0.2, estimator__max_depth=5, estimator__n_estimators=300, estimator__subsample=1.0; total time=   1.1s
[CV] END estimator__colsample_bytree=0.8, estimator__learning_rate=0.2, estimator__max_depth=7, estimator__n_estimators=100, estimator__subsample=1.0; total time=   0.4s
[CV] END estimator__colsample_bytree=0.8, estimator__learning_rate=0.2, estimator__max_depth=7, estimator__n_estimators=200, estimator__subsample=0.8; total time=   1.1s
[CV] END estimator__colsample_bytree=0.8, estimator__learning_rate=0.2, estimator__max_depth=7, estimator__n_estimators=300, estimator__subsample=0.8; total time=   1.3s
[CV] END estimator__colsample_bytree=0.8, estimator__learning_rate=0.2, estimator__max_depth=7, estimator__n_estimators=300, estimator__subsample=1.0; total time=   1.3s
[CV] END estimator__colsample_bytree=1.0, estimator__learning_rate=0.01, estimator__max_depth=3, estimator__n_estimators=200, estimator__subsample=0.8; total time=   0.3s
[CV] END estimator__colsample_bytree=1.0, estimator__learning_rate=0.01, estimator__max_depth=3, estimator__n_estimators=200, estimator__subsample=1.0; total time=   0.3s
[CV] END estimator__colsample_bytree=1.0, estimator__learning_rate=0.01, estimator__max_depth=3, estimator__n_estimators=300, estimator__subsample=1.0; total time=   0.4s
[CV] END estimator__colsample_bytree=1.0, estimator__learning_rate=0.01, estimator__max_depth=5, estimator__n_estimators=100, estimator__subsample=0.8; total time=   0.3s
[CV] END estimator__colsample_bytree=1.0, estimator__learning_rate=0.01, estimator__max_depth=5, estimator__n_estimators=100, estimator__subsample=1.0; total time=   0.3s
[CV] END estimator__colsample_bytree=1.0, estimator__learning_rate=0.01, estimator__max_depth=5, estimator__n_estimators=200, estimator__subsample=1.0; total time=   0.5s
[CV] END estimator__colsample_bytree=1.0, estimator__learning_rate=0.01, estimator__max_depth=5, estimator__n_estimators=200, estimator__subsample=1.0; total time=   0.6s
[CV] END estimator__colsample_bytree=1.0, estimator__learning_rate=0.01, estimator__max_depth=5, estimator__n_estimators=300, estimator__subsample=1.0; total time=   0.8s
[CV] END estimator__colsample_bytree=1.0, estimator__learning_rate=0.01, estimator__max_depth=7, estimator__n_estimators=100, estimator__subsample=0.8; total time=   0.6s
[CV] END estimator__colsample_bytree=1.0, estimator__learning_rate=0.01, estimator__max_depth=7, estimator__n_estimators=100, estimator__subsample=1.0; total time=   0.7s
[CV] END estimator__colsample_bytree=1.0, estimator__learning_rate=0.01, estimator__max_depth=7, estimator__n_estimators=200, estimator__subsample=0.8; total time=   1.2s🏃 View run whimsical-owl-372 at: http://localhost:4000/#/experiments/694359256074308894/runs/3ed90310bb0c462483a134127ca9be22
🧪 View experiment at: http://localhost:4000/#/experiments/694359256074308894
🏃 View run burly-shrike-59 at: http://localhost:4000/#/experiments/694359256074308894/runs/83f5085eb38a47789dbcb810dbc6d3a3
🧪 View experiment at: http://localhost:4000/#/experiments/694359256074308894
🏃 View run monumental-whale-174 at: http://localhost:4000/#/experiments/694359256074308894/runs/b64c51064dd84e79b73ef656388180de
🧪 View experiment at: http://localhost:4000/#/experiments/694359256074308894
🏃 View run rebellious-koi-994 at: http://localhost:4000/#/experiments/694359256074308894/runs/e1d76f38aacd47e890ff059ef405cac8
🧪 View experiment at: http://localhost:4000/#/experiments/694359256074308894
🏃 View run unequaled-trout-703 at: http://localhost:4000/#/experiments/694359256074308894/runs/7826641255e545cead1001adc1c6def5
🧪 View experiment at: http://localhost:4000/#/experiments/694359256074308894
🏃 View run b416f292-xgboost_regressor at: http://localhost:4000/#/experiments/694359256074308894/runs/01bc4e3f4afa44dbb8a539bfd7ecdbad
🧪 View experiment at: http://localhost:4000/#/experiments/694359256074308894

[CV] END estimator__colsample_bytree=1.0, estimator__learning_rate=0.01, estimator__max_depth=7, estimator__n_estimators=200, estimator__subsample=1.0; total time=   1.5s
[CV] END estimator__colsample_bytree=1.0, estimator__learning_rate=0.01, estimator__max_depth=7, estimator__n_estimators=300, estimator__subsample=0.8; total time=   1.7s
[CV] END estimator__colsample_bytree=1.0, estimator__learning_rate=0.01, estimator__max_depth=7, estimator__n_estimators=300, estimator__subsample=1.0; total time=   2.3s
[CV] END estimator__colsample_bytree=1.0, estimator__learning_rate=0.1, estimator__max_depth=3, estimator__n_estimators=300, estimator__subsample=0.8; total time=   0.4s
[CV] END estimator__colsample_bytree=1.0, estimator__learning_rate=0.1, estimator__max_depth=3, estimator__n_estimators=300, estimator__subsample=1.0; total time=   0.3s
[CV] END estimator__colsample_bytree=1.0, estimator__learning_rate=0.1, estimator__max_depth=5, estimator__n_estimators=100, estimator__subsample=0.8; total time=   0.3s
[CV] END estimator__colsample_bytree=1.0, estimator__learning_rate=0.1, estimator__max_depth=5, estimator__n_estimators=100, estimator__subsample=1.0; total time=   0.4s
[CV] END estimator__colsample_bytree=1.0, estimator__learning_rate=0.1, estimator__max_depth=5, estimator__n_estimators=200, estimator__subsample=1.0; total time=   0.7s
[CV] END estimator__colsample_bytree=1.0, estimator__learning_rate=0.1, estimator__max_depth=5, estimator__n_estimators=300, estimator__subsample=0.8; total time=   1.3s
[CV] END estimator__colsample_bytree=1.0, estimator__learning_rate=0.1, estimator__max_depth=7, estimator__n_estimators=100, estimator__subsample=0.8; total time=   0.7s
[CV] END estimator__colsample_bytree=1.0, estimator__learning_rate=0.1, estimator__max_depth=7, estimator__n_estimators=100, estimator__subsample=1.0; total time=   0.8s
[CV] END estimator__colsample_bytree=1.0, estimator__learning_rate=0.1, estimator__max_depth=7, estimator__n_estimators=200, estimator__subsample=0.8; total time=   1.6s
[CV] END estimator__colsample_bytree=1.0, estimator__learning_rate=0.1, estimator__max_depth=7, estimator__n_estimators=300, estimator__subsample=0.8; total time=   2.2s
[CV] END estimator__colsample_bytree=1.0, estimator__learning_rate=0.1, estimator__max_depth=7, estimator__n_estimators=300, estimator__subsample=1.0; total time=   1.5s
[CV] END estimator__colsample_bytree=1.0, estimator__learning_rate=0.2, estimator__max_depth=3, estimator__n_estimators=200, estimator__subsample=1.0; total time=   0.2s
[CV] END estimator__colsample_bytree=1.0, estimator__learning_rate=0.2, estimator__max_depth=3, estimator__n_estimators=200, estimator__subsample=1.0; total time=   0.2s
[CV] END estimator__colsample_bytree=1.0, estimator__learning_rate=0.2, estimator__max_depth=3, estimator__n_estimators=300, estimator__subsample=0.8; total time=   0.4s
[CV] END estimator__colsample_bytree=1.0, estimator__learning_rate=0.2, estimator__max_depth=3, estimator__n_estimators=300, estimator__subsample=1.0; total time=   0.3s
[CV] END estimator__colsample_bytree=1.0, estimator__learning_rate=0.2, estimator__max_depth=5, estimator__n_estimators=100, estimator__subsample=1.0; total time=   0.3s
[CV] END estimator__colsample_bytree=1.0, estimator__learning_rate=0.2, estimator__max_depth=5, estimator__n_estimators=200, estimator__subsample=0.8; total time=   0.5s
[CV] END estimator__colsample_bytree=1.0, estimator__learning_rate=0.2, estimator__max_depth=5, estimator__n_estimators=200, estimator__subsample=1.0; total time=   0.5s
[CV] END estimator__colsample_bytree=1.0, estimator__learning_rate=0.2, estimator__max_depth=5, estimator__n_estimators=300, estimator__subsample=0.8; total time=   0.7s
[CV] END estimator__colsample_bytree=1.0, estimator__learning_rate=0.2, estimator__max_depth=7, estimator__n_estimators=100, estimator__subsample=0.8; total time=   0.5s
[CV] END estimator__colsample_bytree=1.0, estimator__learning_rate=0.2, estimator__max_depth=7, estimator__n_estimators=100, estimator__subsample=1.0; total time=   0.6s
[CV] END estimator__colsample_bytree=1.0, estimator__learning_rate=0.2, estimator__max_depth=7, estimator__n_estimators=200, estimator__subsample=0.8; total time=   1.1s
[CV] END estimator__colsample_bytree=1.0, estimator__learning_rate=0.2, estimator__max_depth=7, estimator__n_estimators=200, estimator__subsample=1.0; total time=   1.0s
[CV] END estimator__colsample_bytree=1.0, estimator__learning_rate=0.2, estimator__max_depth=7, estimator__n_estimators=300, estimator__subsample=0.8; total time=   1.6s

[CV] END estimator__colsample_bytree=1.0, estimator__learning_rate=0.01, estimator__max_depth=7, estimator__n_estimators=200, estimator__subsample=1.0; total time=   1.3s
[CV] END estimator__colsample_bytree=1.0, estimator__learning_rate=0.01, estimator__max_depth=7, estimator__n_estimators=300, estimator__subsample=0.8; total time=   2.0s
[CV] END estimator__colsample_bytree=1.0, estimator__learning_rate=0.1, estimator__max_depth=3, estimator__n_estimators=100, estimator__subsample=0.8; total time=   0.1s
[CV] END estimator__colsample_bytree=1.0, estimator__learning_rate=0.1, estimator__max_depth=3, estimator__n_estimators=100, estimator__subsample=0.8; total time=   0.2s
[CV] END estimator__colsample_bytree=1.0, estimator__learning_rate=0.1, estimator__max_depth=3, estimator__n_estimators=100, estimator__subsample=0.8; total time=   0.1s
[CV] END estimator__colsample_bytree=1.0, estimator__learning_rate=0.1, estimator__max_depth=3, estimator__n_estimators=100, estimator__subsample=1.0; total time=   0.1s
[CV] END estimator__colsample_bytree=1.0, estimator__learning_rate=0.1, estimator__max_depth=3, estimator__n_estimators=100, estimator__subsample=1.0; total time=   0.2s
[CV] END estimator__colsample_bytree=1.0, estimator__learning_rate=0.1, estimator__max_depth=3, estimator__n_estimators=200, estimator__subsample=0.8; total time=   0.3s
[CV] END estimator__colsample_bytree=1.0, estimator__learning_rate=0.1, estimator__max_depth=3, estimator__n_estimators=200, estimator__subsample=1.0; total time=   0.2s
[CV] END estimator__colsample_bytree=1.0, estimator__learning_rate=0.1, estimator__max_depth=3, estimator__n_estimators=300, estimator__subsample=0.8; total time=   0.4s
[CV] END estimator__colsample_bytree=1.0, estimator__learning_rate=0.1, estimator__max_depth=3, estimator__n_estimators=300, estimator__subsample=1.0; total time=   0.3s
[CV] END estimator__colsample_bytree=1.0, estimator__learning_rate=0.1, estimator__max_depth=5, estimator__n_estimators=100, estimator__subsample=1.0; total time=   0.3s
[CV] END estimator__colsample_bytree=1.0, estimator__learning_rate=0.1, estimator__max_depth=5, estimator__n_estimators=200, estimator__subsample=0.8; total time=   0.5s
[CV] END estimator__colsample_bytree=1.0, estimator__learning_rate=0.1, estimator__max_depth=5, estimator__n_estimators=200, estimator__subsample=1.0; total time=   0.5s
[CV] END estimator__colsample_bytree=1.0, estimator__learning_rate=0.1, estimator__max_depth=5, estimator__n_estimators=300, estimator__subsample=0.8; total time=   0.7s
[CV] END estimator__colsample_bytree=1.0, estimator__learning_rate=0.1, estimator__max_depth=5, estimator__n_estimators=300, estimator__subsample=1.0; total time=   0.9s
[CV] END estimator__colsample_bytree=1.0, estimator__learning_rate=0.1, estimator__max_depth=7, estimator__n_estimators=100, estimator__subsample=0.8; total time=   0.6s
[CV] END estimator__colsample_bytree=1.0, estimator__learning_rate=0.1, estimator__max_depth=7, estimator__n_estimators=200, estimator__subsample=0.8; total time=   1.2s
[CV] END estimator__colsample_bytree=1.0, estimator__learning_rate=0.1, estimator__max_depth=7, estimator__n_estimators=200, estimator__subsample=1.0; total time=   1.5s
[CV] END estimator__colsample_bytree=1.0, estimator__learning_rate=0.1, estimator__max_depth=7, estimator__n_estimators=300, estimator__subsample=1.0; total time=   2.4s
[CV] END estimator__colsample_bytree=1.0, estimator__learning_rate=0.2, estimator__max_depth=3, estimator__n_estimators=100, estimator__subsample=0.8; total time=   0.2s
[CV] END estimator__colsample_bytree=1.0, estimator__learning_rate=0.2, estimator__max_depth=3, estimator__n_estimators=100, estimator__subsample=0.8; total time=   0.2s
[CV] END estimator__colsample_bytree=1.0, estimator__learning_rate=0.2, estimator__max_depth=3, estimator__n_estimators=100, estimator__subsample=1.0; total time=   0.2s
[CV] END estimator__colsample_bytree=1.0, estimator__learning_rate=0.2, estimator__max_depth=3, estimator__n_estimators=200, estimator__subsample=0.8; total time=   0.3s
[CV] END estimator__colsample_bytree=1.0, estimator__learning_rate=0.2, estimator__max_depth=3, estimator__n_estimators=200, estimator__subsample=1.0; total time=   0.4s
[CV] END estimator__colsample_bytree=1.0, estimator__learning_rate=0.2, estimator__max_depth=3, estimator__n_estimators=300, estimator__subsample=1.0; total time=   0.6s
[CV] END estimator__colsample_bytree=1.0, estimator__learning_rate=0.2, estimator__max_depth=5, estimator__n_estimators=100, estimator__subsample=0.8; total time=   0.4s
[CV] END estimator__colsample_bytree=1.0, estimator__learning_rate=0.2, estimator__max_depth=5, estimator__n_estimators=200, estimator__subsample=0.8; total time=   0.7s
[CV] END estimator__colsample_bytree=1.0, estimator__learning_rate=0.2, estimator__max_depth=5, estimator__n_estimators=200, estimator__subsample=1.0; total time=   0.5s
[CV] END estimator__colsample_bytree=1.0, estimator__learning_rate=0.2, estimator__max_depth=5, estimator__n_estimators=300, estimator__subsample=1.0; total time=   0.8s
[CV] END estimator__colsample_bytree=1.0, estimator__learning_rate=0.2, estimator__max_depth=7, estimator__n_estimators=100, estimator__subsample=0.8; total time=   0.7s
[CV] END estimator__colsample_bytree=1.0, estimator__learning_rate=0.2, estimator__max_depth=7, estimator__n_estimators=200, estimator__subsample=0.8; total time=   1.2s
[CV] END estimator__colsample_bytree=1.0, estimator__learning_rate=0.2, estimator__max_depth=7, estimator__n_estimators=200, estimator__subsample=1.0; total time=   1.3s
[CV] END estimator__colsample_bytree=1.0, estimator__learning_rate=0.2, estimator__max_depth=7, estimator__n_estimators=300, estimator__subsample=1.0; total time=   1.5s

[CV] END estimator__colsample_bytree=1.0, estimator__learning_rate=0.01, estimator__max_depth=5, estimator__n_estimators=300, estimator__subsample=1.0; total time=   1.0s
[CV] END estimator__colsample_bytree=1.0, estimator__learning_rate=0.01, estimator__max_depth=7, estimator__n_estimators=100, estimator__subsample=1.0; total time=   0.9s
[CV] END estimator__colsample_bytree=1.0, estimator__learning_rate=0.01, estimator__max_depth=7, estimator__n_estimators=200, estimator__subsample=0.8; total time=   1.5s
[CV] END estimator__colsample_bytree=1.0, estimator__learning_rate=0.01, estimator__max_depth=7, estimator__n_estimators=300, estimator__subsample=0.8; total time=   2.0s
[CV] END estimator__colsample_bytree=1.0, estimator__learning_rate=0.01, estimator__max_depth=7, estimator__n_estimators=300, estimator__subsample=1.0; total time=   2.1s
[CV] END estimator__colsample_bytree=1.0, estimator__learning_rate=0.1, estimator__max_depth=3, estimator__n_estimators=200, estimator__subsample=1.0; total time=   0.4s
[CV] END estimator__colsample_bytree=1.0, estimator__learning_rate=0.1, estimator__max_depth=3, estimator__n_estimators=300, estimator__subsample=1.0; total time=   0.5s
[CV] END estimator__colsample_bytree=1.0, estimator__learning_rate=0.1, estimator__max_depth=5, estimator__n_estimators=100, estimator__subsample=0.8; total time=   0.5s
[CV] END estimator__colsample_bytree=1.0, estimator__learning_rate=0.1, estimator__max_depth=5, estimator__n_estimators=200, estimator__subsample=0.8; total time=   0.8s
[CV] END estimator__colsample_bytree=1.0, estimator__learning_rate=0.1, estimator__max_depth=5, estimator__n_estimators=300, estimator__subsample=0.8; total time=   1.1s
[CV] END estimator__colsample_bytree=1.0, estimator__learning_rate=0.1, estimator__max_depth=7, estimator__n_estimators=100, estimator__subsample=0.8; total time=   1.0s
[CV] END estimator__colsample_bytree=1.0, estimator__learning_rate=0.1, estimator__max_depth=7, estimator__n_estimators=100, estimator__subsample=1.0; total time=   1.1s
[CV] END estimator__colsample_bytree=1.0, estimator__learning_rate=0.1, estimator__max_depth=7, estimator__n_estimators=200, estimator__subsample=1.0; total time=   1.4s
[CV] END estimator__colsample_bytree=1.0, estimator__learning_rate=0.1, estimator__max_depth=7, estimator__n_estimators=300, estimator__subsample=0.8; total time=   1.4s
[CV] END estimator__colsample_bytree=1.0, estimator__learning_rate=0.1, estimator__max_depth=7, estimator__n_estimators=300, estimator__subsample=1.0; total time=   1.9s
[CV] END estimator__colsample_bytree=1.0, estimator__learning_rate=0.2, estimator__max_depth=3, estimator__n_estimators=200, estimator__subsample=0.8; total time=   0.4s
[CV] END estimator__colsample_bytree=1.0, estimator__learning_rate=0.2, estimator__max_depth=3, estimator__n_estimators=300, estimator__subsample=0.8; total time=   0.3s
[CV] END estimator__colsample_bytree=1.0, estimator__learning_rate=0.2, estimator__max_depth=3, estimator__n_estimators=300, estimator__subsample=1.0; total time=   0.3s
[CV] END estimator__colsample_bytree=1.0, estimator__learning_rate=0.2, estimator__max_depth=5, estimator__n_estimators=100, estimator__subsample=0.8; total time=   0.3s
[CV] END estimator__colsample_bytree=1.0, estimator__learning_rate=0.2, estimator__max_depth=5, estimator__n_estimators=100, estimator__subsample=1.0; total time=   0.3s
[CV] END estimator__colsample_bytree=1.0, estimator__learning_rate=0.2, estimator__max_depth=5, estimator__n_estimators=200, estimator__subsample=0.8; total time=   0.7s
[CV] END estimator__colsample_bytree=1.0, estimator__learning_rate=0.2, estimator__max_depth=5, estimator__n_estimators=300, estimator__subsample=0.8; total time=   0.7s
[CV] END estimator__colsample_bytree=1.0, estimator__learning_rate=0.2, estimator__max_depth=5, estimator__n_estimators=300, estimator__subsample=1.0; total time=   0.7s
[CV] END estimator__colsample_bytree=1.0, estimator__learning_rate=0.2, estimator__max_depth=7, estimator__n_estimators=100, estimator__subsample=0.8; total time=   0.6s
[CV] END estimator__colsample_bytree=1.0, estimator__learning_rate=0.2, estimator__max_depth=7, estimator__n_estimators=100, estimator__subsample=1.0; total time=   0.5s
[CV] END estimator__colsample_bytree=1.0, estimator__learning_rate=0.2, estimator__max_depth=7, estimator__n_estimators=200, estimator__subsample=1.0; total time=   0.9s
[CV] END estimator__colsample_bytree=1.0, estimator__learning_rate=0.2, estimator__max_depth=7, estimator__n_estimators=300, estimator__subsample=0.8; total time=   1.7s
[CV] END estimator__colsample_bytree=1.0, estimator__learning_rate=0.2, estimator__max_depth=7, estimator__n_estimators=300, estimator__subsample=1.0; total time=   1.3s

[CV] END estimator__colsample_bytree=1.0, estimator__learning_rate=0.01, estimator__max_depth=3, estimator__n_estimators=300, estimator__subsample=1.0; total time=   0.3s
[CV] END estimator__colsample_bytree=1.0, estimator__learning_rate=0.01, estimator__max_depth=5, estimator__n_estimators=100, estimator__subsample=0.8; total time=   0.3s
[CV] END estimator__colsample_bytree=1.0, estimator__learning_rate=0.01, estimator__max_depth=5, estimator__n_estimators=200, estimator__subsample=0.8; total time=   0.5s
[CV] END estimator__colsample_bytree=1.0, estimator__learning_rate=0.01, estimator__max_depth=5, estimator__n_estimators=200, estimator__subsample=1.0; total time=   0.5s
[CV] END estimator__colsample_bytree=1.0, estimator__learning_rate=0.01, estimator__max_depth=5, estimator__n_estimators=300, estimator__subsample=0.8; total time=   0.8s
[CV] END estimator__colsample_bytree=1.0, estimator__learning_rate=0.01, estimator__max_depth=7, estimator__n_estimators=100, estimator__subsample=0.8; total time=   0.6s
[CV] END estimator__colsample_bytree=1.0, estimator__learning_rate=0.01, estimator__max_depth=7, estimator__n_estimators=100, estimator__subsample=0.8; total time=   0.7s
[CV] END estimator__colsample_bytree=1.0, estimator__learning_rate=0.01, estimator__max_depth=7, estimator__n_estimators=200, estimator__subsample=0.8; total time=   1.5s
[CV] END estimator__colsample_bytree=1.0, estimator__learning_rate=0.01, estimator__max_depth=7, estimator__n_estimators=200, estimator__subsample=1.0; total time=   1.5s
[CV] END estimator__colsample_bytree=1.0, estimator__learning_rate=0.01, estimator__max_depth=7, estimator__n_estimators=300, estimator__subsample=1.0; total time=   2.2s
[CV] END estimator__colsample_bytree=1.0, estimator__learning_rate=0.1, estimator__max_depth=3, estimator__n_estimators=100, estimator__subsample=1.0; total time=   0.3s
[CV] END estimator__colsample_bytree=1.0, estimator__learning_rate=0.1, estimator__max_depth=3, estimator__n_estimators=200, estimator__subsample=0.8; total time=   0.3s
[CV] END estimator__colsample_bytree=1.0, estimator__learning_rate=0.1, estimator__max_depth=3, estimator__n_estimators=200, estimator__subsample=0.8; total time=   0.3s
[CV] END estimator__colsample_bytree=1.0, estimator__learning_rate=0.1, estimator__max_depth=3, estimator__n_estimators=200, estimator__subsample=1.0; total time=   0.3s
[CV] END estimator__colsample_bytree=1.0, estimator__learning_rate=0.1, estimator__max_depth=3, estimator__n_estimators=300, estimator__subsample=0.8; total time=   0.4s
[CV] END estimator__colsample_bytree=1.0, estimator__learning_rate=0.1, estimator__max_depth=5, estimator__n_estimators=100, estimator__subsample=0.8; total time=   0.4s
[CV] END estimator__colsample_bytree=1.0, estimator__learning_rate=0.1, estimator__max_depth=5, estimator__n_estimators=100, estimator__subsample=1.0; total time=   0.3s
[CV] END estimator__colsample_bytree=1.0, estimator__learning_rate=0.1, estimator__max_depth=5, estimator__n_estimators=200, estimator__subsample=0.8; total time=   0.5s
[CV] END estimator__colsample_bytree=1.0, estimator__learning_rate=0.1, estimator__max_depth=5, estimator__n_estimators=200, estimator__subsample=1.0; total time=   0.5s
[CV] END estimator__colsample_bytree=1.0, estimator__learning_rate=0.1, estimator__max_depth=5, estimator__n_estimators=300, estimator__subsample=1.0; total time=   0.8s
[CV] END estimator__colsample_bytree=1.0, estimator__learning_rate=0.1, estimator__max_depth=5, estimator__n_estimators=300, estimator__subsample=1.0; total time=   0.8s
[CV] END estimator__colsample_bytree=1.0, estimator__learning_rate=0.1, estimator__max_depth=7, estimator__n_estimators=100, estimator__subsample=1.0; total time=   0.8s
[CV] END estimator__colsample_bytree=1.0, estimator__learning_rate=0.1, estimator__max_depth=7, estimator__n_estimators=200, estimator__subsample=0.8; total time=   1.2s
[CV] END estimator__colsample_bytree=1.0, estimator__learning_rate=0.1, estimator__max_depth=7, estimator__n_estimators=200, estimator__subsample=1.0; total time=   1.0s
[CV] END estimator__colsample_bytree=1.0, estimator__learning_rate=0.1, estimator__max_depth=7, estimator__n_estimators=300, estimator__subsample=0.8; total time=   2.6s
[CV] END estimator__colsample_bytree=1.0, estimator__learning_rate=0.2, estimator__max_depth=3, estimator__n_estimators=100, estimator__subsample=0.8; total time=   0.3s
[CV] END estimator__colsample_bytree=1.0, estimator__learning_rate=0.2, estimator__max_depth=3, estimator__n_estimators=100, estimator__subsample=1.0; total time=   0.2s
[CV] END estimator__colsample_bytree=1.0, estimator__learning_rate=0.2, estimator__max_depth=3, estimator__n_estimators=100, estimator__subsample=1.0; total time=   0.2s
[CV] END estimator__colsample_bytree=1.0, estimator__learning_rate=0.2, estimator__max_depth=3, estimator__n_estimators=200, estimator__subsample=0.8; total time=   0.4s
[CV] END estimator__colsample_bytree=1.0, estimator__learning_rate=0.2, estimator__max_depth=3, estimator__n_estimators=300, estimator__subsample=0.8; total time=   0.6s
[CV] END estimator__colsample_bytree=1.0, estimator__learning_rate=0.2, estimator__max_depth=5, estimator__n_estimators=100, estimator__subsample=0.8; total time=   0.4s
[CV] END estimator__colsample_bytree=1.0, estimator__learning_rate=0.2, estimator__max_depth=5, estimator__n_estimators=100, estimator__subsample=1.0; total time=   0.3s
[CV] END estimator__colsample_bytree=1.0, estimator__learning_rate=0.2, estimator__max_depth=5, estimator__n_estimators=200, estimator__subsample=1.0; total time=   0.7s
[CV] END estimator__colsample_bytree=1.0, estimator__learning_rate=0.2, estimator__max_depth=5, estimator__n_estimators=300, estimator__subsample=0.8; total time=   0.8s
[CV] END estimator__colsample_bytree=1.0, estimator__learning_rate=0.2, estimator__max_depth=5, estimator__n_estimators=300, estimator__subsample=1.0; total time=   0.9s
[CV] END estimator__colsample_bytree=1.0, estimator__learning_rate=0.2, estimator__max_depth=7, estimator__n_estimators=100, estimator__subsample=1.0; total time=   0.6s
[CV] END estimator__colsample_bytree=1.0, estimator__learning_rate=0.2, estimator__max_depth=7, estimator__n_estimators=200, estimator__subsample=0.8; total time=   1.2s
[CV] END estimator__colsample_bytree=1.0, estimator__learning_rate=0.2, estimator__max_depth=7, estimator__n_estimators=300, estimator__subsample=0.8; total time=   1.7s
[CV] END estimator__colsample_bytree=1.0, estimator__learning_rate=0.2, estimator__max_depth=7, estimator__n_estimators=300, estimator__subsample=1.0; total time=   1.2s
