Fitting 3 folds for each of 108 candidates, totalling 324 fits
[CV] END estimator__colsample_bytree=0.8, estimator__learning_rate=0.01, estimator__max_depth=3, estimator__n_estimators=100, estimator__subsample=0.8; total time=   0.2s
[CV] END estimator__colsample_bytree=0.8, estimator__learning_rate=0.01, estimator__max_depth=3, estimator__n_estimators=100, estimator__subsample=1.0; total time=   0.2s
[CV] END estimator__colsample_bytree=0.8, estimator__learning_rate=0.01, estimator__max_depth=3, estimator__n_estimators=100, estimator__subsample=1.0; total time=   0.2s
[CV] END estimator__colsample_bytree=0.8, estimator__learning_rate=0.01, estimator__max_depth=3, estimator__n_estimators=200, estimator__subsample=0.8; total time=   0.3s
[CV] END estimator__colsample_bytree=0.8, estimator__learning_rate=0.01, estimator__max_depth=3, estimator__n_estimators=200, estimator__subsample=1.0; total time=   0.4s
[CV] END estimator__colsample_bytree=0.8, estimator__learning_rate=0.01, estimator__max_depth=3, estimator__n_estimators=300, estimator__subsample=0.8; total time=   0.8s
[CV] END estimator__colsample_bytree=0.8, estimator__learning_rate=0.01, estimator__max_depth=5, estimator__n_estimators=100, estimator__subsample=0.8; total time=   0.4s
[CV] END estimator__colsample_bytree=0.8, estimator__learning_rate=0.01, estimator__max_depth=5, estimator__n_estimators=100, estimator__subsample=1.0; total time=   0.5s
[CV] END estimator__colsample_bytree=0.8, estimator__learning_rate=0.01, estimator__max_depth=5, estimator__n_estimators=200, estimator__subsample=1.0; total time=   0.7s
[CV] END estimator__colsample_bytree=0.8, estimator__learning_rate=0.01, estimator__max_depth=5, estimator__n_estimators=300, estimator__subsample=0.8; total time=   1.2s
[CV] END estimator__colsample_bytree=0.8, estimator__learning_rate=0.01, estimator__max_depth=7, estimator__n_estimators=100, estimator__subsample=0.8; total time=   0.7s
[CV] END estimator__colsample_bytree=0.8, estimator__learning_rate=0.01, estimator__max_depth=7, estimator__n_estimators=100, estimator__subsample=1.0; total time=   0.9s
[CV] END estimator__colsample_bytree=0.8, estimator__learning_rate=0.01, estimator__max_depth=7, estimator__n_estimators=200, estimator__subsample=1.0; total time=   1.4s
[CV] END estimator__colsample_bytree=0.8, estimator__learning_rate=0.01, estimator__max_depth=7, estimator__n_estimators=300, estimator__subsample=0.8; total time=   1.9s
[CV] END estimator__colsample_bytree=0.8, estimator__learning_rate=0.01, estimator__max_depth=7, estimator__n_estimators=300, estimator__subsample=1.0; total time=   1.6s
[CV] END estimator__colsample_bytree=0.8, estimator__learning_rate=0.1, estimator__max_depth=3, estimator__n_estimators=200, estimator__subsample=0.8; total time=   0.2s
[CV] END estimator__colsample_bytree=0.8, estimator__learning_rate=0.1, estimator__max_depth=3, estimator__n_estimators=200, estimator__subsample=1.0; total time=   0.3s
[CV] END estimator__colsample_bytree=0.8, estimator__learning_rate=0.1, estimator__max_depth=3, estimator__n_estimators=300, estimator__subsample=0.8; total time=   0.4s
[CV] END estimator__colsample_bytree=0.8, estimator__learning_rate=0.1, estimator__max_depth=3, estimator__n_estimators=300, estimator__subsample=1.0; total time=   0.3s
[CV] END estimator__colsample_bytree=0.8, estimator__learning_rate=0.1, estimator__max_depth=5, estimator__n_estimators=100, estimator__subsample=1.0; total time=   0.3s
[CV] END estimator__colsample_bytree=0.8, estimator__learning_rate=0.1, estimator__max_depth=5, estimator__n_estimators=200, estimator__subsample=0.8; total time=   0.4s
[CV] END estimator__colsample_bytree=0.8, estimator__learning_rate=0.1, estimator__max_depth=5, estimator__n_estimators=200, estimator__subsample=1.0; total time=   0.4s
[CV] END estimator__colsample_bytree=0.8, estimator__learning_rate=0.1, estimator__max_depth=5, estimator__n_estimators=300, estimator__subsample=0.8; total time=   0.6s
[CV] END estimator__colsample_bytree=0.8, estimator__learning_rate=0.1, estimator__max_depth=7, estimator__n_estimators=100, estimator__subsample=0.8; total time=   0.5s
[CV] END estimator__colsample_bytree=0.8, estimator__learning_rate=0.1, estimator__max_depth=7, estimator__n_estimators=100, estimator__subsample=1.0; total time=   0.5s
[CV] END estimator__colsample_bytree=0.8, estimator__learning_rate=0.1, estimator__max_depth=7, estimator__n_estimators=200, estimator__subsample=0.8; total time=   1.3s
[CV] END estimator__colsample_bytree=0.8, estimator__learning_rate=0.1, estimator__max_depth=7, estimator__n_estimators=200, estimator__subsample=1.0; total time=   1.3s
[CV] END estimator__colsample_bytree=0.8, estimator__learning_rate=0.1, estimator__max_depth=7, estimator__n_estimators=300, estimator__subsample=1.0; total time=   1.4s
[CV] END estimator__colsample_bytree=0.8, estimator__learning_rate=0.2, estimator__max_depth=3, estimator__n_estimators=100, estimator__subsample=1.0; total time=   0.1s
[CV] END estimator__colsample_bytree=0.8, estimator__learning_rate=0.2, estimator__max_depth=3, estimator__n_estimators=200, estimator__subsample=0.8; total time=   0.3s
[CV] END estimator__colsample_bytree=0.8, estimator__learning_rate=0.2, estimator__max_depth=3, estimator__n_estimators=200, estimator__subsample=1.0; total time=   0.2s
[CV] END estimator__colsample_bytree=0.8, estimator__learning_rate=0.2, estimator__max_depth=3, estimator__n_estimators=300, estimator__subsample=1.0; total time=   0.3s
[CV] END estimator__colsample_bytree=0.8, estimator__learning_rate=0.2, estimator__max_depth=5, estimator__n_estimators=100, estimator__subsample=0.8; total time=   0.3s
[CV] END estimator__colsample_bytree=0.8, estimator__learning_rate=0.2, estimator__max_depth=5, estimator__n_estimators=100, estimator__subsample=1.0; total time=   0.3s
[CV] END estimator__colsample_bytree=0.8, estimator__learning_rate=0.2, estimator__max_depth=5, estimator__n_estimators=200, estimator__subsample=1.0; total time=   0.5s
[CV] END estimator__colsample_bytree=0.8, estimator__learning_rate=0.2, estimator__max_depth=5, estimator__n_estimators=300, estimator__subsample=0.8; total time=   0.9s
[CV] END estimator__colsample_bytree=0.8, estimator__learning_rate=0.2, estimator__max_depth=7, estimator__n_estimators=100, estimator__subsample=0.8; total time=   0.5s
[CV] END estimator__colsample_bytree=0.8, estimator__learning_rate=0.2, estimator__max_depth=7, estimator__n_estimators=100, estimator__subsample=1.0; total time=   0.6s
[CV] END estimator__colsample_bytree=0.8, estimator__learning_rate=0.2, estimator__max_depth=7, estimator__n_estimators=200, estimator__subsample=0.8; total time=   0.9s
[CV] END estimator__colsample_bytree=0.8, estimator__learning_rate=0.2, estimator__max_depth=7, estimator__n_estimators=200, estimator__subsample=1.0; total time=   0.8s
[CV] END estimator__colsample_bytree=0.8, estimator__learning_rate=0.2, estimator__max_depth=7, estimator__n_estimators=300, estimator__subsample=0.8; total time=   1.3s
[CV] END estimator__colsample_bytree=1.0, estimator__learning_rate=0.01, estimator__max_depth=3, estimator__n_estimators=100, estimator__subsample=0.8; total time=   0.1s
[CV] END estimator__colsample_bytree=1.0, estimator__learning_rate=0.01, estimator__max_depth=3, estimator__n_estimators=100, estimator__subsample=0.8; total time=   0.1s
[CV] END estimator__colsample_bytree=1.0, estimator__learning_rate=0.01, estimator__max_depth=3, estimator__n_estimators=100, estimator__subsample=1.0; total time=   0.1s
[CV] END estimator__colsample_bytree=1.0, estimator__learning_rate=0.01, estimator__max_depth=3, estimator__n_estimators=100, estimator__subsample=1.0; total time=   0.1s
[CV] END estimator__colsample_bytree=1.0, estimator__learning_rate=0.01, estimator__max_depth=3, estimator__n_estimators=200, estimator__subsample=0.8; total time=   0.3s
[CV] END estimator__colsample_bytree=1.0, estimator__learning_rate=0.01, estimator__max_depth=3, estimator__n_estimators=300, estimator__subsample=0.8; total time=   0.4s
[CV] END estimator__colsample_bytree=1.0, estimator__learning_rate=0.01, estimator__max_depth=3, estimator__n_estimators=300, estimator__subsample=1.0; total time=   0.3s
[CV] END estimator__colsample_bytree=1.0, estimator__learning_rate=0.01, estimator__max_depth=5, estimator__n_estimators=100, estimator__subsample=0.8; total time=   0.3s[CV] END estimator__colsample_bytree=0.8, estimator__learning_rate=0.01, estimator__max_depth=3, estimator__n_estimators=100, estimator__subsample=1.0; total time=   0.1s
[CV] END estimator__colsample_bytree=0.8, estimator__learning_rate=0.01, estimator__max_depth=3, estimator__n_estimators=200, estimator__subsample=0.8; total time=   0.2s
[CV] END estimator__colsample_bytree=0.8, estimator__learning_rate=0.01, estimator__max_depth=3, estimator__n_estimators=200, estimator__subsample=1.0; total time=   0.3s
[CV] END estimator__colsample_bytree=0.8, estimator__learning_rate=0.01, estimator__max_depth=3, estimator__n_estimators=300, estimator__subsample=0.8; total time=   0.4s
[CV] END estimator__colsample_bytree=0.8, estimator__learning_rate=0.01, estimator__max_depth=3, estimator__n_estimators=300, estimator__subsample=1.0; total time=   0.3s
[CV] END estimator__colsample_bytree=0.8, estimator__learning_rate=0.01, estimator__max_depth=5, estimator__n_estimators=100, estimator__subsample=0.8; total time=   0.2s
[CV] END estimator__colsample_bytree=0.8, estimator__learning_rate=0.01, estimator__max_depth=5, estimator__n_estimators=100, estimator__subsample=1.0; total time=   0.3s
[CV] END estimator__colsample_bytree=0.8, estimator__learning_rate=0.01, estimator__max_depth=5, estimator__n_estimators=200, estimator__subsample=0.8; total time=   0.6s
[CV] END estimator__colsample_bytree=0.8, estimator__learning_rate=0.01, estimator__max_depth=5, estimator__n_estimators=200, estimator__subsample=1.0; total time=   0.6s
[CV] END estimator__colsample_bytree=0.8, estimator__learning_rate=0.01, estimator__max_depth=5, estimator__n_estimators=300, estimator__subsample=0.8; total time=   0.8s
[CV] END estimator__colsample_bytree=0.8, estimator__learning_rate=0.01, estimator__max_depth=5, estimator__n_estimators=300, estimator__subsample=1.0; total time=   0.8s
[CV] END estimator__colsample_bytree=0.8, estimator__learning_rate=0.01, estimator__max_depth=7, estimator__n_estimators=100, estimator__subsample=1.0; total time=   0.8s
[CV] END estimator__colsample_bytree=0.8, estimator__learning_rate=0.01, estimator__max_depth=7, estimator__n_estimators=200, estimator__subsample=0.8; total time=   1.4s
[CV] END estimator__colsample_bytree=0.8, estimator__learning_rate=0.01, estimator__max_depth=7, estimator__n_estimators=300, estimator__subsample=0.8; total time=   2.0s
[CV] END estimator__colsample_bytree=0.8, estimator__learning_rate=0.01, estimator__max_depth=7, estimator__n_estimators=300, estimator__subsample=1.0; total time=   2.4s
[CV] END estimator__colsample_bytree=0.8, estimator__learning_rate=0.1, estimator__max_depth=3, estimator__n_estimators=300, estimator__subsample=0.8; total time=   0.5s
[CV] END estimator__colsample_bytree=0.8, estimator__learning_rate=0.1, estimator__max_depth=5, estimator__n_estimators=100, estimator__subsample=0.8; total time=   0.4s
[CV] END estimator__colsample_bytree=0.8, estimator__learning_rate=0.1, estimator__max_depth=5, estimator__n_estimators=200, estimator__subsample=0.8; total time=   0.5s
[CV] END estimator__colsample_bytree=0.8, estimator__learning_rate=0.1, estimator__max_depth=5, estimator__n_estimators=200, estimator__subsample=1.0; total time=   0.5s
[CV] END estimator__colsample_bytree=0.8, estimator__learning_rate=0.1, estimator__max_depth=5, estimator__n_estimators=300, estimator__subsample=1.0; total time=   0.8s
[CV] END estimator__colsample_bytree=0.8, estimator__learning_rate=0.1, estimator__max_depth=7, estimator__n_estimators=100, estimator__subsample=0.8; total time=   0.5s
[CV] END estimator__colsample_bytree=0.8, estimator__learning_rate=0.1, estimator__max_depth=7, estimator__n_estimators=200, estimator__subsample=0.8; total time=   0.9s
[CV] END estimator__colsample_bytree=0.8, estimator__learning_rate=0.1, estimator__max_depth=7, estimator__n_estimators=200, estimator__subsample=1.0; total time=   1.1s
[CV] END estimator__colsample_bytree=0.8, estimator__learning_rate=0.1, estimator__max_depth=7, estimator__n_estimators=300, estimator__subsample=0.8; total time=   1.5s
[CV] END estimator__colsample_bytree=0.8, estimator__learning_rate=0.2, estimator__max_depth=3, estimator__n_estimators=100, estimator__subsample=0.8; total time=   0.1s
[CV] END estimator__colsample_bytree=0.8, estimator__learning_rate=0.2, estimator__max_depth=3, estimator__n_estimators=100, estimator__subsample=0.8; total time=   0.1s
[CV] END estimator__colsample_bytree=0.8, estimator__learning_rate=0.2, estimator__max_depth=3, estimator__n_estimators=100, estimator__subsample=0.8; total time=   0.1s
[CV] END estimator__colsample_bytree=0.8, estimator__learning_rate=0.2, estimator__max_depth=3, estimator__n_estimators=100, estimator__subsample=1.0; total time=   0.1s
[CV] END estimator__colsample_bytree=0.8, estimator__learning_rate=0.2, estimator__max_depth=3, estimator__n_estimators=100, estimator__subsample=1.0; total time=   0.1s
[CV] END estimator__colsample_bytree=0.8, estimator__learning_rate=0.2, estimator__max_depth=3, estimator__n_estimators=200, estimator__subsample=0.8; total time=   0.2s
[CV] END estimator__colsample_bytree=0.8, estimator__learning_rate=0.2, estimator__max_depth=3, estimator__n_estimators=200, estimator__subsample=1.0; total time=   0.2s
[CV] END estimator__colsample_bytree=0.8, estimator__learning_rate=0.2, estimator__max_depth=3, estimator__n_estimators=300, estimator__subsample=0.8; total time=   0.3s
[CV] END estimator__colsample_bytree=0.8, estimator__learning_rate=0.2, estimator__max_depth=3, estimator__n_estimators=300, estimator__subsample=1.0; total time=   0.3s
[CV] END estimator__colsample_bytree=0.8, estimator__learning_rate=0.2, estimator__max_depth=5, estimator__n_estimators=100, estimator__subsample=1.0; total time=   0.2s
[CV] END estimator__colsample_bytree=0.8, estimator__learning_rate=0.2, estimator__max_depth=5, estimator__n_estimators=200, estimator__subsample=0.8; total time=   0.5s
[CV] END estimator__colsample_bytree=0.8, estimator__learning_rate=0.2, estimator__max_depth=5, estimator__n_estimators=200, estimator__subsample=1.0; total time=   0.5s
[CV] END estimator__colsample_bytree=0.8, estimator__learning_rate=0.2, estimator__max_depth=5, estimator__n_estimators=300, estimator__subsample=1.0; total time=   0.9s
[CV] END estimator__colsample_bytree=0.8, estimator__learning_rate=0.2, estimator__max_depth=7, estimator__n_estimators=100, estimator__subsample=0.8; total time=   0.6s
[CV] END estimator__colsample_bytree=0.8, estimator__learning_rate=0.2, estimator__max_depth=7, estimator__n_estimators=200, estimator__subsample=0.8; total time=   1.1s
[CV] END estimator__colsample_bytree=0.8, estimator__learning_rate=0.2, estimator__max_depth=7, estimator__n_estimators=200, estimator__subsample=1.0; total time=   1.0s
[CV] END estimator__colsample_bytree=0.8, estimator__learning_rate=0.2, estimator__max_depth=7, estimator__n_estimators=300, estimator__subsample=1.0; total time=   1.4s
[CV] END estimator__colsample_bytree=1.0, estimator__learning_rate=0.01, estimator__max_depth=3, estimator__n_estimators=100, estimator__subsample=0.8; total time=   0.2s
[CV] END estimator__colsample_bytree=1.0, estimator__learning_rate=0.01, estimator__max_depth=3, estimator__n_estimators=100, estimator__subsample=1.0; total time=   0.2s
[CV] END estimator__colsample_bytree=1.0, estimator__learning_rate=0.01, estimator__max_depth=3, estimator__n_estimators=200, estimator__subsample=0.8; total time=   0.3s
[CV] END estimator__colsample_bytree=1.0, estimator__learning_rate=0.01, estimator__max_depth=3, estimator__n_estimators=200, estimator__subsample=1.0; total time=   0.2s
[CV] END estimator__colsample_bytree=1.0, estimator__learning_rate=0.01, estimator__max_depth=3, estimator__n_estimators=300, estimator__subsample=0.8; total time=   0.3s
[CV] END estimator__colsample_bytree=1.0, estimator__learning_rate=0.01, estimator__max_depth=3, estimator__n_estimators=300, estimator__subsample=1.0; total time=   0.4s
[CV] END estimator__colsample_bytree=1.0, estimator__learning_rate=0.01, estimator__max_depth=5, estimator__n_estimators=100, estimator__subsample=1.0; total time=   0.4s
[CV] END estimator__colsample_bytree=1.0, estimator__learning_rate=0.01, estimator__max_depth=5, estimator__n_estimators=200, estimator__subsample=0.8; total time=   0.7s[CV] END estimator__colsample_bytree=0.8, estimator__learning_rate=0.01, estimator__max_depth=3, estimator__n_estimators=100, estimator__subsample=0.8; total time=   0.2s
[CV] END estimator__colsample_bytree=0.8, estimator__learning_rate=0.01, estimator__max_depth=3, estimator__n_estimators=300, estimator__subsample=0.8; total time=   0.7s
[CV] END estimator__colsample_bytree=0.8, estimator__learning_rate=0.01, estimator__max_depth=3, estimator__n_estimators=300, estimator__subsample=1.0; total time=   0.7s
[CV] END estimator__colsample_bytree=0.8, estimator__learning_rate=0.01, estimator__max_depth=5, estimator__n_estimators=100, estimator__subsample=1.0; total time=   0.4s
[CV] END estimator__colsample_bytree=0.8, estimator__learning_rate=0.01, estimator__max_depth=5, estimator__n_estimators=200, estimator__subsample=0.8; total time=   0.5s
[CV] END estimator__colsample_bytree=0.8, estimator__learning_rate=0.01, estimator__max_depth=5, estimator__n_estimators=300, estimator__subsample=0.8; total time=   0.7s
[CV] END estimator__colsample_bytree=0.8, estimator__learning_rate=0.01, estimator__max_depth=5, estimator__n_estimators=300, estimator__subsample=1.0; total time=   0.9s
[CV] END estimator__colsample_bytree=0.8, estimator__learning_rate=0.01, estimator__max_depth=7, estimator__n_estimators=100, estimator__subsample=0.8; total time=   0.5s
[CV] END estimator__colsample_bytree=0.8, estimator__learning_rate=0.01, estimator__max_depth=7, estimator__n_estimators=100, estimator__subsample=1.0; total time=   0.5s
[CV] END estimator__colsample_bytree=0.8, estimator__learning_rate=0.01, estimator__max_depth=7, estimator__n_estimators=200, estimator__subsample=0.8; total time=   1.0s
[CV] END estimator__colsample_bytree=0.8, estimator__learning_rate=0.01, estimator__max_depth=7, estimator__n_estimators=200, estimator__subsample=1.0; total time=   1.5s
[CV] END estimator__colsample_bytree=0.8, estimator__learning_rate=0.01, estimator__max_depth=7, estimator__n_estimators=300, estimator__subsample=0.8; total time=   1.5s
[CV] END estimator__colsample_bytree=0.8, estimator__learning_rate=0.1, estimator__max_depth=3, estimator__n_estimators=100, estimator__subsample=0.8; total time=   0.2s
[CV] END estimator__colsample_bytree=0.8, estimator__learning_rate=0.1, estimator__max_depth=3, estimator__n_estimators=100, estimator__subsample=0.8; total time=   0.2s
[CV] END estimator__colsample_bytree=0.8, estimator__learning_rate=0.1, estimator__max_depth=3, estimator__n_estimators=100, estimator__subsample=0.8; total time=   0.2s
[CV] END estimator__colsample_bytree=0.8, estimator__learning_rate=0.1, estimator__max_depth=3, estimator__n_estimators=100, estimator__subsample=1.0; total time=   0.2s
[CV] END estimator__colsample_bytree=0.8, estimator__learning_rate=0.1, estimator__max_depth=3, estimator__n_estimators=100, estimator__subsample=1.0; total time=   0.1s
[CV] END estimator__colsample_bytree=0.8, estimator__learning_rate=0.1, estimator__max_depth=3, estimator__n_estimators=100, estimator__subsample=1.0; total time=   0.1s
[CV] END estimator__colsample_bytree=0.8, estimator__learning_rate=0.1, estimator__max_depth=3, estimator__n_estimators=200, estimator__subsample=0.8; total time=   0.3s
[CV] END estimator__colsample_bytree=0.8, estimator__learning_rate=0.1, estimator__max_depth=3, estimator__n_estimators=200, estimator__subsample=0.8; total time=   0.3s
[CV] END estimator__colsample_bytree=0.8, estimator__learning_rate=0.1, estimator__max_depth=3, estimator__n_estimators=200, estimator__subsample=1.0; total time=   0.5s
[CV] END estimator__colsample_bytree=0.8, estimator__learning_rate=0.1, estimator__max_depth=3, estimator__n_estimators=300, estimator__subsample=1.0; total time=   0.5s
[CV] END estimator__colsample_bytree=0.8, estimator__learning_rate=0.1, estimator__max_depth=5, estimator__n_estimators=100, estimator__subsample=0.8; total time=   0.4s
[CV] END estimator__colsample_bytree=0.8, estimator__learning_rate=0.1, estimator__max_depth=5, estimator__n_estimators=200, estimator__subsample=0.8; total time=   0.5s
[CV] END estimator__colsample_bytree=0.8, estimator__learning_rate=0.1, estimator__max_depth=5, estimator__n_estimators=300, estimator__subsample=0.8; total time=   0.6s
[CV] END estimator__colsample_bytree=0.8, estimator__learning_rate=0.1, estimator__max_depth=5, estimator__n_estimators=300, estimator__subsample=1.0; total time=   0.6s
[CV] END estimator__colsample_bytree=0.8, estimator__learning_rate=0.1, estimator__max_depth=7, estimator__n_estimators=100, estimator__subsample=0.8; total time=   0.5s
[CV] END estimator__colsample_bytree=0.8, estimator__learning_rate=0.1, estimator__max_depth=7, estimator__n_estimators=100, estimator__subsample=1.0; total time=   0.5s
[CV] END estimator__colsample_bytree=0.8, estimator__learning_rate=0.1, estimator__max_depth=7, estimator__n_estimators=200, estimator__subsample=0.8; total time=   1.0s
[CV] END estimator__colsample_bytree=0.8, estimator__learning_rate=0.1, estimator__max_depth=7, estimator__n_estimators=300, estimator__subsample=0.8; total time=   1.8s
[CV] END estimator__colsample_bytree=0.8, estimator__learning_rate=0.1, estimator__max_depth=7, estimator__n_estimators=300, estimator__subsample=1.0; total time=   1.4s
[CV] END estimator__colsample_bytree=0.8, estimator__learning_rate=0.2, estimator__max_depth=3, estimator__n_estimators=300, estimator__subsample=0.8; total time=   0.3s
[CV] END estimator__colsample_bytree=0.8, estimator__learning_rate=0.2, estimator__max_depth=5, estimator__n_estimators=100, estimator__subsample=0.8; total time=   0.2s
[CV] END estimator__colsample_bytree=0.8, estimator__learning_rate=0.2, estimator__max_depth=5, estimator__n_estimators=100, estimator__subsample=1.0; total time=   0.2s
[CV] END estimator__colsample_bytree=0.8, estimator__learning_rate=0.2, estimator__max_depth=5, estimator__n_estimators=200, estimator__subsample=0.8; total time=   0.4s
[CV] END estimator__colsample_bytree=0.8, estimator__learning_rate=0.2, estimator__max_depth=5, estimator__n_estimators=300, estimator__subsample=0.8; total time=   0.7s
[CV] END estimator__colsample_bytree=0.8, estimator__learning_rate=0.2, estimator__max_depth=5, estimator__n_estimators=300, estimator__subsample=1.0; total time=   0.7s
[CV] END estimator__colsample_bytree=0.8, estimator__learning_rate=0.2, estimator__max_depth=7, estimator__n_estimators=100, estimator__subsample=0.8; total time=   0.5s
[CV] END estimator__colsample_bytree=0.8, estimator__learning_rate=0.2, estimator__max_depth=7, estimator__n_estimators=100, estimator__subsample=1.0; total time=   0.4s
[CV] END estimator__colsample_bytree=0.8, estimator__learning_rate=0.2, estimator__max_depth=7, estimator__n_estimators=200, estimator__subsample=1.0; total time=   0.9s
[CV] END estimator__colsample_bytree=0.8, estimator__learning_rate=0.2, estimator__max_depth=7, estimator__n_estimators=300, estimator__subsample=0.8; total time=   1.4s
[CV] END estimator__colsample_bytree=0.8, estimator__learning_rate=0.2, estimator__max_depth=7, estimator__n_estimators=300, estimator__subsample=1.0; total time=   1.4s
[CV] END estimator__colsample_bytree=1.0, estimator__learning_rate=0.01, estimator__max_depth=3, estimator__n_estimators=200, estimator__subsample=1.0; total time=   0.3s
[CV] END estimator__colsample_bytree=1.0, estimator__learning_rate=0.01, estimator__max_depth=3, estimator__n_estimators=300, estimator__subsample=1.0; total time=   0.4s
[CV] END estimator__colsample_bytree=1.0, estimator__learning_rate=0.01, estimator__max_depth=5, estimator__n_estimators=100, estimator__subsample=0.8; total time=   0.3s
[CV] END estimator__colsample_bytree=1.0, estimator__learning_rate=0.01, estimator__max_depth=5, estimator__n_estimators=100, estimator__subsample=1.0; total time=   0.3s
[CV] END estimator__colsample_bytree=1.0, estimator__learning_rate=0.01, estimator__max_depth=5, estimator__n_estimators=200, estimator__subsample=0.8; total time=   0.6s
[CV] END estimator__colsample_bytree=1.0, estimator__learning_rate=0.01, estimator__max_depth=5, estimator__n_estimators=200, estimator__subsample=1.0; total time=   0.5s
[CV] END estimator__colsample_bytree=1.0, estimator__learning_rate=0.01, estimator__max_depth=5, estimator__n_estimators=300, estimator__subsample=1.0; total time=   0.9s[CV] END estimator__colsample_bytree=0.8, estimator__learning_rate=0.01, estimator__max_depth=3, estimator__n_estimators=100, estimator__subsample=0.8; total time=   0.2s
[CV] END estimator__colsample_bytree=0.8, estimator__learning_rate=0.01, estimator__max_depth=3, estimator__n_estimators=200, estimator__subsample=0.8; total time=   0.4s
[CV] END estimator__colsample_bytree=0.8, estimator__learning_rate=0.01, estimator__max_depth=3, estimator__n_estimators=200, estimator__subsample=1.0; total time=   0.5s
[CV] END estimator__colsample_bytree=0.8, estimator__learning_rate=0.01, estimator__max_depth=3, estimator__n_estimators=300, estimator__subsample=1.0; total time=   0.8s
[CV] END estimator__colsample_bytree=0.8, estimator__learning_rate=0.01, estimator__max_depth=5, estimator__n_estimators=100, estimator__subsample=0.8; total time=   0.5s
[CV] END estimator__colsample_bytree=0.8, estimator__learning_rate=0.01, estimator__max_depth=5, estimator__n_estimators=200, estimator__subsample=0.8; total time=   0.6s
[CV] END estimator__colsample_bytree=0.8, estimator__learning_rate=0.01, estimator__max_depth=5, estimator__n_estimators=200, estimator__subsample=1.0; total time=   0.8s
[CV] END estimator__colsample_bytree=0.8, estimator__learning_rate=0.01, estimator__max_depth=5, estimator__n_estimators=300, estimator__subsample=1.0; total time=   1.1s
[CV] END estimator__colsample_bytree=0.8, estimator__learning_rate=0.01, estimator__max_depth=7, estimator__n_estimators=100, estimator__subsample=0.8; total time=   0.6s
[CV] END estimator__colsample_bytree=0.8, estimator__learning_rate=0.01, estimator__max_depth=7, estimator__n_estimators=200, estimator__subsample=0.8; total time=   1.7s
[CV] END estimator__colsample_bytree=0.8, estimator__learning_rate=0.01, estimator__max_depth=7, estimator__n_estimators=200, estimator__subsample=1.0; total time=   1.9s
[CV] END estimator__colsample_bytree=0.8, estimator__learning_rate=0.01, estimator__max_depth=7, estimator__n_estimators=300, estimator__subsample=1.0; total time=   2.1s
[CV] END estimator__colsample_bytree=0.8, estimator__learning_rate=0.1, estimator__max_depth=3, estimator__n_estimators=200, estimator__subsample=1.0; total time=   0.3s
[CV] END estimator__colsample_bytree=0.8, estimator__learning_rate=0.1, estimator__max_depth=3, estimator__n_estimators=300, estimator__subsample=0.8; total time=   0.3s
[CV] END estimator__colsample_bytree=0.8, estimator__learning_rate=0.1, estimator__max_depth=3, estimator__n_estimators=300, estimator__subsample=1.0; total time=   0.3s
[CV] END estimator__colsample_bytree=0.8, estimator__learning_rate=0.1, estimator__max_depth=5, estimator__n_estimators=100, estimator__subsample=0.8; total time=   0.2s
[CV] END estimator__colsample_bytree=0.8, estimator__learning_rate=0.1, estimator__max_depth=5, estimator__n_estimators=100, estimator__subsample=1.0; total time=   0.2s
[CV] END estimator__colsample_bytree=0.8, estimator__learning_rate=0.1, estimator__max_depth=5, estimator__n_estimators=100, estimator__subsample=1.0; total time=   0.3s
[CV] END estimator__colsample_bytree=0.8, estimator__learning_rate=0.1, estimator__max_depth=5, estimator__n_estimators=200, estimator__subsample=1.0; total time=   0.5s
[CV] END estimator__colsample_bytree=0.8, estimator__learning_rate=0.1, estimator__max_depth=5, estimator__n_estimators=300, estimator__subsample=0.8; total time=   0.7s
[CV] END estimator__colsample_bytree=0.8, estimator__learning_rate=0.1, estimator__max_depth=5, estimator__n_estimators=300, estimator__subsample=1.0; total time=   0.7s
[CV] END estimator__colsample_bytree=0.8, estimator__learning_rate=0.1, estimator__max_depth=7, estimator__n_estimators=100, estimator__subsample=1.0; total time=   0.5s
[CV] END estimator__colsample_bytree=0.8, estimator__learning_rate=0.1, estimator__max_depth=7, estimator__n_estimators=200, estimator__subsample=1.0; total time=   1.0s
[CV] END estimator__colsample_bytree=0.8, estimator__learning_rate=0.1, estimator__max_depth=7, estimator__n_estimators=300, estimator__subsample=0.8; total time=   1.5s
[CV] END estimator__colsample_bytree=0.8, estimator__learning_rate=0.1, estimator__max_depth=7, estimator__n_estimators=300, estimator__subsample=1.0; total time=   1.2s
[CV] END estimator__colsample_bytree=0.8, estimator__learning_rate=0.2, estimator__max_depth=3, estimator__n_estimators=200, estimator__subsample=0.8; total time=   0.2s
[CV] END estimator__colsample_bytree=0.8, estimator__learning_rate=0.2, estimator__max_depth=3, estimator__n_estimators=200, estimator__subsample=1.0; total time=   0.2s
[CV] END estimator__colsample_bytree=0.8, estimator__learning_rate=0.2, estimator__max_depth=3, estimator__n_estimators=300, estimator__subsample=0.8; total time=   0.3s
[CV] END estimator__colsample_bytree=0.8, estimator__learning_rate=0.2, estimator__max_depth=3, estimator__n_estimators=300, estimator__subsample=1.0; total time=   0.3s
[CV] END estimator__colsample_bytree=0.8, estimator__learning_rate=0.2, estimator__max_depth=5, estimator__n_estimators=100, estimator__subsample=0.8; total time=   0.2s
[CV] END estimator__colsample_bytree=0.8, estimator__learning_rate=0.2, estimator__max_depth=5, estimator__n_estimators=200, estimator__subsample=0.8; total time=   0.4s
[CV] END estimator__colsample_bytree=0.8, estimator__learning_rate=0.2, estimator__max_depth=5, estimator__n_estimators=200, estimator__subsample=1.0; total time=   0.5s
[CV] END estimator__colsample_bytree=0.8, estimator__learning_rate=0.2, estimator__max_depth=5, estimator__n_estimators=300, estimator__subsample=0.8; total time=   0.6s
[CV] END estimator__colsample_bytree=0.8, estimator__learning_rate=0.2, estimator__max_depth=5, estimator__n_estimators=300, estimator__subsample=1.0; total time=   0.6s
[CV] END estimator__colsample_bytree=0.8, estimator__learning_rate=0.2, estimator__max_depth=7, estimator__n_estimators=100, estimator__subsample=1.0; total time=   0.6s
[CV] END estimator__colsample_bytree=0.8, estimator__learning_rate=0.2, estimator__max_depth=7, estimator__n_estimators=200, estimator__subsample=0.8; total time=   0.9s
[CV] END estimator__colsample_bytree=0.8, estimator__learning_rate=0.2, estimator__max_depth=7, estimator__n_estimators=300, estimator__subsample=0.8; total time=   1.3s
[CV] END estimator__colsample_bytree=0.8, estimator__learning_rate=0.2, estimator__max_depth=7, estimator__n_estimators=300, estimator__subsample=1.0; total time=   1.3s
[CV] END estimator__colsample_bytree=1.0, estimator__learning_rate=0.01, estimator__max_depth=3, estimator__n_estimators=200, estimator__subsample=0.8; total time=   0.4s
[CV] END estimator__colsample_bytree=1.0, estimator__learning_rate=0.01, estimator__max_depth=3, estimator__n_estimators=200, estimator__subsample=1.0; total time=   0.2s
[CV] END estimator__colsample_bytree=1.0, estimator__learning_rate=0.01, estimator__max_depth=3, estimator__n_estimators=300, estimator__subsample=0.8; total time=   0.4s
[CV] END estimator__colsample_bytree=1.0, estimator__learning_rate=0.01, estimator__max_depth=5, estimator__n_estimators=100, estimator__subsample=0.8; total time=   0.4s
[CV] END estimator__colsample_bytree=1.0, estimator__learning_rate=0.01, estimator__max_depth=5, estimator__n_estimators=100, estimator__subsample=1.0; total time=   0.4s
[CV] END estimator__colsample_bytree=1.0, estimator__learning_rate=0.01, estimator__max_depth=5, estimator__n_estimators=200, estimator__subsample=1.0; total time=   0.7s
[CV] END estimator__colsample_bytree=1.0, estimator__learning_rate=0.01, estimator__max_depth=5, estimator__n_estimators=300, estimator__subsample=0.8; total time=   0.9s
[CV] END estimator__colsample_bytree=1.0, estimator__learning_rate=0.01, estimator__max_depth=5, estimator__n_estimators=300, estimator__subsample=1.0; total time=   0.9s
[CV] END estimator__colsample_bytree=1.0, estimator__learning_rate=0.01, estimator__max_depth=7, estimator__n_estimators=100, estimator__subsample=1.0; total time=   0.8s
[CV] END estimator__colsample_bytree=1.0, estimator__learning_rate=0.01, estimator__max_depth=7, estimator__n_estimators=200, estimator__subsample=0.8; total time=   2.0s
[CV] END estimator__colsample_bytree=1.0, estimator__learning_rate=0.01, estimator__max_depth=7, estimator__n_estimators=300, estimator__subsample=0.8; total time=   2.0s🏃 View run amusing-finch-419 at: http://localhost:4000/#/experiments/694359256074308894/runs/69108be949474754bf245a38bb31f231
🧪 View experiment at: http://localhost:4000/#/experiments/694359256074308894
🏃 View run legendary-calf-212 at: http://localhost:4000/#/experiments/694359256074308894/runs/81e4e794ec484f3687944db328a983c6
🧪 View experiment at: http://localhost:4000/#/experiments/694359256074308894
🏃 View run melodic-finch-291 at: http://localhost:4000/#/experiments/694359256074308894/runs/53b0283066c94078b9b634334457f86f
🧪 View experiment at: http://localhost:4000/#/experiments/694359256074308894
🏃 View run whimsical-cow-675 at: http://localhost:4000/#/experiments/694359256074308894/runs/447dff3285444aed8e37331017a92e36
🧪 View experiment at: http://localhost:4000/#/experiments/694359256074308894
🏃 View run rumbling-hawk-487 at: http://localhost:4000/#/experiments/694359256074308894/runs/893ba05f59744fdab04a6b441faa01ef
🧪 View experiment at: http://localhost:4000/#/experiments/694359256074308894
🏃 View run bfb44330-xgboost_regressor at: http://localhost:4000/#/experiments/694359256074308894/runs/8e3d7423ad224794880135abf1926def
🧪 View experiment at: http://localhost:4000/#/experiments/694359256074308894

[CV] END estimator__colsample_bytree=1.0, estimator__learning_rate=0.01, estimator__max_depth=7, estimator__n_estimators=100, estimator__subsample=0.8; total time=   0.7s
[CV] END estimator__colsample_bytree=1.0, estimator__learning_rate=0.01, estimator__max_depth=7, estimator__n_estimators=100, estimator__subsample=1.0; total time=   0.7s
[CV] END estimator__colsample_bytree=1.0, estimator__learning_rate=0.01, estimator__max_depth=7, estimator__n_estimators=200, estimator__subsample=1.0; total time=   1.8s
[CV] END estimator__colsample_bytree=1.0, estimator__learning_rate=0.01, estimator__max_depth=7, estimator__n_estimators=300, estimator__subsample=0.8; total time=   1.8s
[CV] END estimator__colsample_bytree=1.0, estimator__learning_rate=0.01, estimator__max_depth=7, estimator__n_estimators=300, estimator__subsample=1.0; total time=   2.8s
[CV] END estimator__colsample_bytree=1.0, estimator__learning_rate=0.1, estimator__max_depth=3, estimator__n_estimators=300, estimator__subsample=1.0; total time=   0.4s
[CV] END estimator__colsample_bytree=1.0, estimator__learning_rate=0.1, estimator__max_depth=5, estimator__n_estimators=100, estimator__subsample=1.0; total time=   0.3s
[CV] END estimator__colsample_bytree=1.0, estimator__learning_rate=0.1, estimator__max_depth=5, estimator__n_estimators=200, estimator__subsample=0.8; total time=   0.5s
[CV] END estimator__colsample_bytree=1.0, estimator__learning_rate=0.1, estimator__max_depth=5, estimator__n_estimators=200, estimator__subsample=1.0; total time=   0.5s
[CV] END estimator__colsample_bytree=1.0, estimator__learning_rate=0.1, estimator__max_depth=5, estimator__n_estimators=300, estimator__subsample=1.0; total time=   0.7s
[CV] END estimator__colsample_bytree=1.0, estimator__learning_rate=0.1, estimator__max_depth=7, estimator__n_estimators=100, estimator__subsample=0.8; total time=   0.6s
[CV] END estimator__colsample_bytree=1.0, estimator__learning_rate=0.1, estimator__max_depth=7, estimator__n_estimators=100, estimator__subsample=1.0; total time=   0.6s
[CV] END estimator__colsample_bytree=1.0, estimator__learning_rate=0.1, estimator__max_depth=7, estimator__n_estimators=200, estimator__subsample=0.8; total time=   1.1s
[CV] END estimator__colsample_bytree=1.0, estimator__learning_rate=0.1, estimator__max_depth=7, estimator__n_estimators=200, estimator__subsample=1.0; total time=   1.1s
[CV] END estimator__colsample_bytree=1.0, estimator__learning_rate=0.1, estimator__max_depth=7, estimator__n_estimators=300, estimator__subsample=1.0; total time=   1.4s
[CV] END estimator__colsample_bytree=1.0, estimator__learning_rate=0.2, estimator__max_depth=3, estimator__n_estimators=100, estimator__subsample=0.8; total time=   0.1s
[CV] END estimator__colsample_bytree=1.0, estimator__learning_rate=0.2, estimator__max_depth=3, estimator__n_estimators=100, estimator__subsample=0.8; total time=   0.1s
[CV] END estimator__colsample_bytree=1.0, estimator__learning_rate=0.2, estimator__max_depth=3, estimator__n_estimators=100, estimator__subsample=1.0; total time=   0.2s
[CV] END estimator__colsample_bytree=1.0, estimator__learning_rate=0.2, estimator__max_depth=3, estimator__n_estimators=200, estimator__subsample=0.8; total time=   0.3s
[CV] END estimator__colsample_bytree=1.0, estimator__learning_rate=0.2, estimator__max_depth=3, estimator__n_estimators=200, estimator__subsample=1.0; total time=   0.2s
[CV] END estimator__colsample_bytree=1.0, estimator__learning_rate=0.2, estimator__max_depth=3, estimator__n_estimators=300, estimator__subsample=0.8; total time=   0.4s
[CV] END estimator__colsample_bytree=1.0, estimator__learning_rate=0.2, estimator__max_depth=3, estimator__n_estimators=300, estimator__subsample=1.0; total time=   0.3s
[CV] END estimator__colsample_bytree=1.0, estimator__learning_rate=0.2, estimator__max_depth=5, estimator__n_estimators=100, estimator__subsample=0.8; total time=   0.3s
[CV] END estimator__colsample_bytree=1.0, estimator__learning_rate=0.2, estimator__max_depth=5, estimator__n_estimators=200, estimator__subsample=0.8; total time=   0.6s
[CV] END estimator__colsample_bytree=1.0, estimator__learning_rate=0.2, estimator__max_depth=5, estimator__n_estimators=200, estimator__subsample=1.0; total time=   0.5s
[CV] END estimator__colsample_bytree=1.0, estimator__learning_rate=0.2, estimator__max_depth=5, estimator__n_estimators=300, estimator__subsample=0.8; total time=   0.7s
[CV] END estimator__colsample_bytree=1.0, estimator__learning_rate=0.2, estimator__max_depth=7, estimator__n_estimators=100, estimator__subsample=0.8; total time=   0.5s
[CV] END estimator__colsample_bytree=1.0, estimator__learning_rate=0.2, estimator__max_depth=7, estimator__n_estimators=100, estimator__subsample=1.0; total time=   0.5s
[CV] END estimator__colsample_bytree=1.0, estimator__learning_rate=0.2, estimator__max_depth=7, estimator__n_estimators=200, estimator__subsample=0.8; total time=   1.2s
[CV] END estimator__colsample_bytree=1.0, estimator__learning_rate=0.2, estimator__max_depth=7, estimator__n_estimators=200, estimator__subsample=1.0; total time=   1.0s
[CV] END estimator__colsample_bytree=1.0, estimator__learning_rate=0.2, estimator__max_depth=7, estimator__n_estimators=300, estimator__subsample=0.8; total time=   1.6s

[CV] END estimator__colsample_bytree=1.0, estimator__learning_rate=0.01, estimator__max_depth=7, estimator__n_estimators=300, estimator__subsample=1.0; total time=   2.2s
[CV] END estimator__colsample_bytree=1.0, estimator__learning_rate=0.1, estimator__max_depth=3, estimator__n_estimators=300, estimator__subsample=0.8; total time=   0.4s
[CV] END estimator__colsample_bytree=1.0, estimator__learning_rate=0.1, estimator__max_depth=5, estimator__n_estimators=100, estimator__subsample=0.8; total time=   0.3s
[CV] END estimator__colsample_bytree=1.0, estimator__learning_rate=0.1, estimator__max_depth=5, estimator__n_estimators=100, estimator__subsample=1.0; total time=   0.3s
[CV] END estimator__colsample_bytree=1.0, estimator__learning_rate=0.1, estimator__max_depth=5, estimator__n_estimators=200, estimator__subsample=0.8; total time=   0.5s
[CV] END estimator__colsample_bytree=1.0, estimator__learning_rate=0.1, estimator__max_depth=5, estimator__n_estimators=300, estimator__subsample=0.8; total time=   0.8s
[CV] END estimator__colsample_bytree=1.0, estimator__learning_rate=0.1, estimator__max_depth=5, estimator__n_estimators=300, estimator__subsample=1.0; total time=   0.7s
[CV] END estimator__colsample_bytree=1.0, estimator__learning_rate=0.1, estimator__max_depth=7, estimator__n_estimators=100, estimator__subsample=0.8; total time=   0.6s
[CV] END estimator__colsample_bytree=1.0, estimator__learning_rate=0.1, estimator__max_depth=7, estimator__n_estimators=200, estimator__subsample=0.8; total time=   1.1s
[CV] END estimator__colsample_bytree=1.0, estimator__learning_rate=0.1, estimator__max_depth=7, estimator__n_estimators=200, estimator__subsample=1.0; total time=   1.0s
[CV] END estimator__colsample_bytree=1.0, estimator__learning_rate=0.1, estimator__max_depth=7, estimator__n_estimators=300, estimator__subsample=0.8; total time=   1.8s
[CV] END estimator__colsample_bytree=1.0, estimator__learning_rate=0.2, estimator__max_depth=3, estimator__n_estimators=100, estimator__subsample=0.8; total time=   0.2s
[CV] END estimator__colsample_bytree=1.0, estimator__learning_rate=0.2, estimator__max_depth=3, estimator__n_estimators=100, estimator__subsample=1.0; total time=   0.1s
[CV] END estimator__colsample_bytree=1.0, estimator__learning_rate=0.2, estimator__max_depth=3, estimator__n_estimators=100, estimator__subsample=1.0; total time=   0.1s
[CV] END estimator__colsample_bytree=1.0, estimator__learning_rate=0.2, estimator__max_depth=3, estimator__n_estimators=200, estimator__subsample=0.8; total time=   0.2s
[CV] END estimator__colsample_bytree=1.0, estimator__learning_rate=0.2, estimator__max_depth=3, estimator__n_estimators=200, estimator__subsample=1.0; total time=   0.2s
[CV] END estimator__colsample_bytree=1.0, estimator__learning_rate=0.2, estimator__max_depth=3, estimator__n_estimators=300, estimator__subsample=0.8; total time=   0.4s
[CV] END estimator__colsample_bytree=1.0, estimator__learning_rate=0.2, estimator__max_depth=3, estimator__n_estimators=300, estimator__subsample=1.0; total time=   0.4s
[CV] END estimator__colsample_bytree=1.0, estimator__learning_rate=0.2, estimator__max_depth=5, estimator__n_estimators=100, estimator__subsample=1.0; total time=   0.2s
[CV] END estimator__colsample_bytree=1.0, estimator__learning_rate=0.2, estimator__max_depth=5, estimator__n_estimators=100, estimator__subsample=1.0; total time=   0.2s
[CV] END estimator__colsample_bytree=1.0, estimator__learning_rate=0.2, estimator__max_depth=5, estimator__n_estimators=200, estimator__subsample=1.0; total time=   0.5s
[CV] END estimator__colsample_bytree=1.0, estimator__learning_rate=0.2, estimator__max_depth=5, estimator__n_estimators=300, estimator__subsample=0.8; total time=   0.8s
[CV] END estimator__colsample_bytree=1.0, estimator__learning_rate=0.2, estimator__max_depth=5, estimator__n_estimators=300, estimator__subsample=1.0; total time=   0.7s
[CV] END estimator__colsample_bytree=1.0, estimator__learning_rate=0.2, estimator__max_depth=7, estimator__n_estimators=100, estimator__subsample=0.8; total time=   0.5s
[CV] END estimator__colsample_bytree=1.0, estimator__learning_rate=0.2, estimator__max_depth=7, estimator__n_estimators=200, estimator__subsample=0.8; total time=   1.0s
[CV] END estimator__colsample_bytree=1.0, estimator__learning_rate=0.2, estimator__max_depth=7, estimator__n_estimators=200, estimator__subsample=1.0; total time=   1.4s
[CV] END estimator__colsample_bytree=1.0, estimator__learning_rate=0.2, estimator__max_depth=7, estimator__n_estimators=300, estimator__subsample=1.0; total time=   1.7s

[CV] END estimator__colsample_bytree=1.0, estimator__learning_rate=0.01, estimator__max_depth=5, estimator__n_estimators=200, estimator__subsample=0.8; total time=   0.6s
[CV] END estimator__colsample_bytree=1.0, estimator__learning_rate=0.01, estimator__max_depth=5, estimator__n_estimators=200, estimator__subsample=1.0; total time=   0.6s
[CV] END estimator__colsample_bytree=1.0, estimator__learning_rate=0.01, estimator__max_depth=5, estimator__n_estimators=300, estimator__subsample=0.8; total time=   0.8s
[CV] END estimator__colsample_bytree=1.0, estimator__learning_rate=0.01, estimator__max_depth=7, estimator__n_estimators=100, estimator__subsample=0.8; total time=   0.6s
[CV] END estimator__colsample_bytree=1.0, estimator__learning_rate=0.01, estimator__max_depth=7, estimator__n_estimators=100, estimator__subsample=0.8; total time=   0.6s
[CV] END estimator__colsample_bytree=1.0, estimator__learning_rate=0.01, estimator__max_depth=7, estimator__n_estimators=200, estimator__subsample=0.8; total time=   1.3s
[CV] END estimator__colsample_bytree=1.0, estimator__learning_rate=0.01, estimator__max_depth=7, estimator__n_estimators=200, estimator__subsample=1.0; total time=   1.5s
[CV] END estimator__colsample_bytree=1.0, estimator__learning_rate=0.01, estimator__max_depth=7, estimator__n_estimators=300, estimator__subsample=0.8; total time=   2.2s
[CV] END estimator__colsample_bytree=1.0, estimator__learning_rate=0.1, estimator__max_depth=3, estimator__n_estimators=100, estimator__subsample=0.8; total time=   0.2s
[CV] END estimator__colsample_bytree=1.0, estimator__learning_rate=0.1, estimator__max_depth=3, estimator__n_estimators=100, estimator__subsample=0.8; total time=   0.1s
[CV] END estimator__colsample_bytree=1.0, estimator__learning_rate=0.1, estimator__max_depth=3, estimator__n_estimators=100, estimator__subsample=0.8; total time=   0.1s
[CV] END estimator__colsample_bytree=1.0, estimator__learning_rate=0.1, estimator__max_depth=3, estimator__n_estimators=100, estimator__subsample=1.0; total time=   0.1s
[CV] END estimator__colsample_bytree=1.0, estimator__learning_rate=0.1, estimator__max_depth=3, estimator__n_estimators=100, estimator__subsample=1.0; total time=   0.1s
[CV] END estimator__colsample_bytree=1.0, estimator__learning_rate=0.1, estimator__max_depth=3, estimator__n_estimators=100, estimator__subsample=1.0; total time=   0.1s
[CV] END estimator__colsample_bytree=1.0, estimator__learning_rate=0.1, estimator__max_depth=3, estimator__n_estimators=200, estimator__subsample=0.8; total time=   0.2s
[CV] END estimator__colsample_bytree=1.0, estimator__learning_rate=0.1, estimator__max_depth=3, estimator__n_estimators=200, estimator__subsample=0.8; total time=   0.2s
[CV] END estimator__colsample_bytree=1.0, estimator__learning_rate=0.1, estimator__max_depth=3, estimator__n_estimators=200, estimator__subsample=1.0; total time=   0.2s
[CV] END estimator__colsample_bytree=1.0, estimator__learning_rate=0.1, estimator__max_depth=3, estimator__n_estimators=300, estimator__subsample=0.8; total time=   0.3s
[CV] END estimator__colsample_bytree=1.0, estimator__learning_rate=0.1, estimator__max_depth=3, estimator__n_estimators=300, estimator__subsample=1.0; total time=   0.3s
[CV] END estimator__colsample_bytree=1.0, estimator__learning_rate=0.1, estimator__max_depth=5, estimator__n_estimators=100, estimator__subsample=0.8; total time=   0.3s
[CV] END estimator__colsample_bytree=1.0, estimator__learning_rate=0.1, estimator__max_depth=5, estimator__n_estimators=100, estimator__subsample=1.0; total time=   0.3s
[CV] END estimator__colsample_bytree=1.0, estimator__learning_rate=0.1, estimator__max_depth=5, estimator__n_estimators=200, estimator__subsample=1.0; total time=   0.5s
[CV] END estimator__colsample_bytree=1.0, estimator__learning_rate=0.1, estimator__max_depth=5, estimator__n_estimators=300, estimator__subsample=0.8; total time=   0.8s
[CV] END estimator__colsample_bytree=1.0, estimator__learning_rate=0.1, estimator__max_depth=5, estimator__n_estimators=300, estimator__subsample=1.0; total time=   0.7s
[CV] END estimator__colsample_bytree=1.0, estimator__learning_rate=0.1, estimator__max_depth=7, estimator__n_estimators=100, estimator__subsample=1.0; total time=   0.7s
[CV] END estimator__colsample_bytree=1.0, estimator__learning_rate=0.1, estimator__max_depth=7, estimator__n_estimators=200, estimator__subsample=0.8; total time=   1.3s
[CV] END estimator__colsample_bytree=1.0, estimator__learning_rate=0.1, estimator__max_depth=7, estimator__n_estimators=300, estimator__subsample=0.8; total time=   1.6s
[CV] END estimator__colsample_bytree=1.0, estimator__learning_rate=0.1, estimator__max_depth=7, estimator__n_estimators=300, estimator__subsample=1.0; total time=   1.4s
[CV] END estimator__colsample_bytree=1.0, estimator__learning_rate=0.2, estimator__max_depth=3, estimator__n_estimators=200, estimator__subsample=0.8; total time=   0.2s
[CV] END estimator__colsample_bytree=1.0, estimator__learning_rate=0.2, estimator__max_depth=3, estimator__n_estimators=200, estimator__subsample=1.0; total time=   0.2s
[CV] END estimator__colsample_bytree=1.0, estimator__learning_rate=0.2, estimator__max_depth=3, estimator__n_estimators=300, estimator__subsample=0.8; total time=   0.3s
[CV] END estimator__colsample_bytree=1.0, estimator__learning_rate=0.2, estimator__max_depth=5, estimator__n_estimators=100, estimator__subsample=0.8; total time=   0.2s
[CV] END estimator__colsample_bytree=1.0, estimator__learning_rate=0.2, estimator__max_depth=5, estimator__n_estimators=100, estimator__subsample=0.8; total time=   0.3s
[CV] END estimator__colsample_bytree=1.0, estimator__learning_rate=0.2, estimator__max_depth=5, estimator__n_estimators=200, estimator__subsample=0.8; total time=   0.6s
[CV] END estimator__colsample_bytree=1.0, estimator__learning_rate=0.2, estimator__max_depth=5, estimator__n_estimators=200, estimator__subsample=1.0; total time=   0.6s
[CV] END estimator__colsample_bytree=1.0, estimator__learning_rate=0.2, estimator__max_depth=5, estimator__n_estimators=300, estimator__subsample=1.0; total time=   0.8s
[CV] END estimator__colsample_bytree=1.0, estimator__learning_rate=0.2, estimator__max_depth=7, estimator__n_estimators=100, estimator__subsample=0.8; total time=   0.6s
[CV] END estimator__colsample_bytree=1.0, estimator__learning_rate=0.2, estimator__max_depth=7, estimator__n_estimators=100, estimator__subsample=1.0; total time=   0.6s
[CV] END estimator__colsample_bytree=1.0, estimator__learning_rate=0.2, estimator__max_depth=7, estimator__n_estimators=200, estimator__subsample=1.0; total time=   0.9s
[CV] END estimator__colsample_bytree=1.0, estimator__learning_rate=0.2, estimator__max_depth=7, estimator__n_estimators=300, estimator__subsample=0.8; total time=   1.7s
[CV] END estimator__colsample_bytree=1.0, estimator__learning_rate=0.2, estimator__max_depth=7, estimator__n_estimators=300, estimator__subsample=1.0; total time=   1.3s

[CV] END estimator__colsample_bytree=1.0, estimator__learning_rate=0.01, estimator__max_depth=5, estimator__n_estimators=300, estimator__subsample=0.8; total time=   0.9s
[CV] END estimator__colsample_bytree=1.0, estimator__learning_rate=0.01, estimator__max_depth=5, estimator__n_estimators=300, estimator__subsample=1.0; total time=   0.8s
[CV] END estimator__colsample_bytree=1.0, estimator__learning_rate=0.01, estimator__max_depth=7, estimator__n_estimators=100, estimator__subsample=1.0; total time=   0.7s
[CV] END estimator__colsample_bytree=1.0, estimator__learning_rate=0.01, estimator__max_depth=7, estimator__n_estimators=200, estimator__subsample=0.8; total time=   1.7s
[CV] END estimator__colsample_bytree=1.0, estimator__learning_rate=0.01, estimator__max_depth=7, estimator__n_estimators=200, estimator__subsample=1.0; total time=   1.3s
[CV] END estimator__colsample_bytree=1.0, estimator__learning_rate=0.01, estimator__max_depth=7, estimator__n_estimators=300, estimator__subsample=1.0; total time=   2.5s
[CV] END estimator__colsample_bytree=1.0, estimator__learning_rate=0.1, estimator__max_depth=3, estimator__n_estimators=200, estimator__subsample=0.8; total time=   0.2s
[CV] END estimator__colsample_bytree=1.0, estimator__learning_rate=0.1, estimator__max_depth=3, estimator__n_estimators=200, estimator__subsample=1.0; total time=   0.2s
[CV] END estimator__colsample_bytree=1.0, estimator__learning_rate=0.1, estimator__max_depth=3, estimator__n_estimators=200, estimator__subsample=1.0; total time=   0.2s
[CV] END estimator__colsample_bytree=1.0, estimator__learning_rate=0.1, estimator__max_depth=3, estimator__n_estimators=300, estimator__subsample=0.8; total time=   0.3s
[CV] END estimator__colsample_bytree=1.0, estimator__learning_rate=0.1, estimator__max_depth=3, estimator__n_estimators=300, estimator__subsample=1.0; total time=   0.3s
[CV] END estimator__colsample_bytree=1.0, estimator__learning_rate=0.1, estimator__max_depth=5, estimator__n_estimators=100, estimator__subsample=0.8; total time=   0.3s
[CV] END estimator__colsample_bytree=1.0, estimator__learning_rate=0.1, estimator__max_depth=5, estimator__n_estimators=200, estimator__subsample=0.8; total time=   0.5s
[CV] END estimator__colsample_bytree=1.0, estimator__learning_rate=0.1, estimator__max_depth=5, estimator__n_estimators=200, estimator__subsample=1.0; total time=   0.5s
[CV] END estimator__colsample_bytree=1.0, estimator__learning_rate=0.1, estimator__max_depth=5, estimator__n_estimators=300, estimator__subsample=0.8; total time=   0.8s
[CV] END estimator__colsample_bytree=1.0, estimator__learning_rate=0.1, estimator__max_depth=7, estimator__n_estimators=100, estimator__subsample=0.8; total time=   0.6s
[CV] END estimator__colsample_bytree=1.0, estimator__learning_rate=0.1, estimator__max_depth=7, estimator__n_estimators=100, estimator__subsample=1.0; total time=   0.9s
[CV] END estimator__colsample_bytree=1.0, estimator__learning_rate=0.1, estimator__max_depth=7, estimator__n_estimators=200, estimator__subsample=1.0; total time=   1.2s
[CV] END estimator__colsample_bytree=1.0, estimator__learning_rate=0.1, estimator__max_depth=7, estimator__n_estimators=300, estimator__subsample=0.8; total time=   1.7s
[CV] END estimator__colsample_bytree=1.0, estimator__learning_rate=0.1, estimator__max_depth=7, estimator__n_estimators=300, estimator__subsample=1.0; total time=   1.7s
[CV] END estimator__colsample_bytree=1.0, estimator__learning_rate=0.2, estimator__max_depth=3, estimator__n_estimators=300, estimator__subsample=1.0; total time=   0.4s
[CV] END estimator__colsample_bytree=1.0, estimator__learning_rate=0.2, estimator__max_depth=5, estimator__n_estimators=100, estimator__subsample=1.0; total time=   0.3s
[CV] END estimator__colsample_bytree=1.0, estimator__learning_rate=0.2, estimator__max_depth=5, estimator__n_estimators=200, estimator__subsample=0.8; total time=   0.6s
[CV] END estimator__colsample_bytree=1.0, estimator__learning_rate=0.2, estimator__max_depth=5, estimator__n_estimators=300, estimator__subsample=0.8; total time=   0.8s
[CV] END estimator__colsample_bytree=1.0, estimator__learning_rate=0.2, estimator__max_depth=5, estimator__n_estimators=300, estimator__subsample=1.0; total time=   0.8s
[CV] END estimator__colsample_bytree=1.0, estimator__learning_rate=0.2, estimator__max_depth=7, estimator__n_estimators=100, estimator__subsample=1.0; total time=   0.6s
[CV] END estimator__colsample_bytree=1.0, estimator__learning_rate=0.2, estimator__max_depth=7, estimator__n_estimators=200, estimator__subsample=0.8; total time=   1.1s
[CV] END estimator__colsample_bytree=1.0, estimator__learning_rate=0.2, estimator__max_depth=7, estimator__n_estimators=300, estimator__subsample=0.8; total time=   1.9s
[CV] END estimator__colsample_bytree=1.0, estimator__learning_rate=0.2, estimator__max_depth=7, estimator__n_estimators=300, estimator__subsample=1.0; total time=   1.3s
